#
# A fatal error has been detected by the Java Runtime Environment:
#
#  EXCEPTION_ACCESS_VIOLATION (0xc0000005) at pc=0x00000000135250be, pid=7360, tid=7048
#
# JRE version: OpenJDK Runtime Environment (11.0.2+9) (build 11.0.2+9)
# Java VM: OpenJDK 64-Bit Server VM (11.0.2+9, mixed mode, tiered, compressed oops, g1 gc, windows-amd64)
# Problematic frame:
# J 19196 c2 com.sun.javafx.font.PrismFont.getStrike(Lcom/sun/javafx/geom/transform/BaseTransform;)Lcom/sun/javafx/font/FontStrike; (15 bytes) @ 0x00000000135250be [0x0000000013524fa0+0x000000000000011e]
#
# No core dump will be written. Minidumps are not enabled by default on client versions of Windows
#
# If you would like to submit a bug report, please visit:
#   http://bugreport.java.com/bugreport/crash.jsp
#

---------------  S U M M A R Y ------------

Command Line: -Djavafx.embed.singleThread=true 

Host: AMD A6-1450 APU with Radeon(TM) HD Graphics    , 4 cores, 5G,  Windows 8.1 , 64 bit Build 9600 (6.3.9600.17415)
Time: Mon Feb 25 16:13:56 2019 SE Asia Standard Time elapsed time: 9905 seconds (0d 2h 45m 5s)

---------------  T H R E A D  ---------------

Current thread (0x0000000022343000):  JavaThread "JavaFX Application Thread" [_thread_in_Java, id=7048, stack(0x0000000023570000,0x0000000023770000)]

Stack: [0x0000000023570000,0x0000000023770000],  sp=0x000000002376acc8,  free space=2027k
Native frames: (J=compiled Java code, j=interpreted, Vv=VM code, C=native code)
C  0x00000000135250be


siginfo: EXCEPTION_ACCESS_VIOLATION (0xc0000005), writing address 0x0000000045b7c0d8


Register to memory mapping:

RIP=0x00000000135250be is at entry_point+286 in (nmethod*)0x0000000013524c90
RAX=
[error occurred during error reporting (printing register info), id 0xc0000005, EXCEPTION_ACCESS_VIOLATION (0xc0000005) at pc=0x00007ff94b28ddb6]

Registers:
RAX=0x00000000bc6ac1f0, RBX=0x00000000a9466fc8, RCX=0x00000000bc6ac0d8, RDX=0x00000000a9467048
RSP=0x000000002376acc8, RBP=0x00000000a9467028, RSI=0x00000000bc6ac198, RDI=0x00000000a9467028
R8 =0x00000000a8e499b8, R9 =0x00000000bc6ac0d8, R10=0x00000000bc6ac210, R11=0x00000000a9c565b8
R12=0x0000000000000000, R13=0x00000000bc6ac1d0, R14=0x0000000019a29000, R15=0x0000000022343000
RIP=0x00000000135250be, EFLAGS=0x0000000000010287

Top of Stack: (sp=0x000000002376acc8)
0x000000002376acc8:   00000000bc6ac000 00000000ffffffff
0x000000002376acd8:   00007ff94b6f6b91 0004000000000000
0x000000002376ace8:   00000000a8e499b8 00000000a9467028
0x000000002376acf8:   0000000000000000 00000000a9467048
0x000000002376ad08:   0000000000000000 0000000000000000
0x000000002376ad18:   00007ff900000000 0000000000000000
0x000000002376ad28:   0000000000000003 000000002376af70
0x000000002376ad38:   00007ff94b6b9b16 00000000a9467028
0x000000002376ad48:   000000001355c750 0000000022343000
0x000000002376ad58:   00000000028b90b0 000000002376af70
0x000000002376ad68:   00007ff94b6f6905 00000000028a8400
0x000000002376ad78:   0000000000000000 00000000bc6ac108
0x000000002376ad88:   00000000bc6ac0d8 0000000000000000
0x000000002376ad98:   00000000bc6abf28 00000000bc6ac000
0x000000002376ada8:   0000000000000003 00000000bc6a8178
0x000000002376adb8:   00000000bc6abc38 0000000000000f43 

Instructions: (pc=0x00000000135250be)
0x000000001352509e:   60 18 c5 fa 11 70 0c 4c 8b e8 49 8b 87 18 01 00
0x00000000135250ae:   00 4c 8b d0 49 83 c2 20 4d 3b 97 28 01 00 00 5f
0x00000000135250be:   83 04 0d 00 00 4d 89 97 18 01 00 00 41 0f 18 82
0x00000000135250ce:   00 01 00 00 48 c7 00 01 00 00 00 41 0f 18 82 40 


Stack slot to memory mapping:
stack at sp + 0 slots: 0x00000000bc6ac000 is an oop: javafx.scene.text.Text$2 
{0x00000000bc6ac000} - klass: 'javafx/scene/text/Text$2'
stack at sp + 1 slots: 
[error occurred during error reporting (inspecting top of stack), id 0xc0000005, EXCEPTION_ACCESS_VIOLATION (0xc0000005) at pc=0x00007ff94b3e24b6]



---------------  P R O C E S S  ---------------

Threads class SMR info:
_java_thread_list=0x0000000025a5e640, length=32, elements={
0x00000000028ad800, 0x000000001fe90800, 0x000000001fe99800, 0x000000001fea6000,
0x000000001fea6800, 0x000000001feaa800, 0x000000001fead800, 0x000000001febc800,
0x0000000020f48800, 0x0000000020f56800, 0x000000002225f800, 0x00000000223db800,
0x0000000022321800, 0x0000000022343000, 0x0000000022800000, 0x0000000022548000,
0x0000000022549800, 0x00000000227f3000, 0x000000002981d800, 0x0000000029820800,
0x0000000029822800, 0x0000000029823000, 0x000000002981e000, 0x0000000029821800,
0x0000000025aae800, 0x0000000025aad000, 0x0000000025aad800, 0x0000000025aac000,
0x0000000025ab0000, 0x0000000025ab1000, 0x0000000025ab2800, 0x0000000025ab1800
}

Java Threads: ( => current thread )
  0x00000000028ad800 JavaThread "main" [_thread_blocked, id=4160, stack(0x0000000000040000,0x0000000000240000)]
  0x000000001fe90800 JavaThread "Reference Handler" daemon [_thread_blocked, id=6680, stack(0x00000000208e0000,0x0000000020ae0000)]
  0x000000001fe99800 JavaThread "Finalizer" daemon [_thread_blocked, id=6188, stack(0x0000000020ae0000,0x0000000020ce0000)]
  0x000000001fea6000 JavaThread "Signal Dispatcher" daemon [_thread_blocked, id=8748, stack(0x00000000211c0000,0x00000000213c0000)]
  0x000000001fea6800 JavaThread "Attach Listener" daemon [_thread_blocked, id=8604, stack(0x00000000213c0000,0x00000000215c0000)]
  0x000000001feaa800 JavaThread "C2 CompilerThread0" daemon [_thread_blocked, id=5660, stack(0x00000000215c0000,0x00000000217c0000)]
  0x000000001fead800 JavaThread "C1 CompilerThread0" daemon [_thread_blocked, id=9820, stack(0x00000000217c0000,0x00000000219c0000)]
  0x000000001febc800 JavaThread "Sweeper thread" daemon [_thread_blocked, id=7784, stack(0x00000000219c0000,0x0000000021bc0000)]
  0x0000000020f48800 JavaThread "Service Thread" daemon [_thread_blocked, id=5632, stack(0x0000000021bc0000,0x0000000021dc0000)]
  0x0000000020f56800 JavaThread "Common-Cleaner" daemon [_thread_blocked, id=10084, stack(0x0000000021fc0000,0x00000000221c0000)]
  0x000000002225f800 JavaThread "JavaFX-Launcher" [_thread_blocked, id=2692, stack(0x00000000229c0000,0x0000000022bc0000)]
  0x00000000223db800 JavaThread "QuantumRenderer-0" daemon [_thread_blocked, id=6960, stack(0x0000000022bc0000,0x0000000022dc0000)]
  0x0000000022321800 JavaThread "InvokeLaterDispatcher" daemon [_thread_blocked, id=4272, stack(0x0000000023370000,0x0000000023570000)]
=>0x0000000022343000 JavaThread "JavaFX Application Thread" [_thread_in_Java, id=7048, stack(0x0000000023570000,0x0000000023770000)]
  0x0000000022800000 JavaThread "Thread-2" daemon [_thread_in_native, id=9380, stack(0x0000000026740000,0x0000000026940000)]
  0x0000000022548000 JavaThread "Java2D Disposer" daemon [_thread_blocked, id=7672, stack(0x0000000027140000,0x0000000027340000)]
  0x0000000022549800 JavaThread "AWT-Windows" daemon [_thread_in_native, id=860, stack(0x0000000027540000,0x0000000027740000)]
  0x00000000227f3000 JavaThread "Thread-3" [_thread_blocked, id=6756, stack(0x0000000027740000,0x0000000027940000)]
  0x000000002981d800 JavaThread "TimerQueue" daemon [_thread_blocked, id=8468, stack(0x0000000026a40000,0x0000000026c40000)]
  0x0000000029820800 JavaThread "AWT-Shutdown" [_thread_blocked, id=9632, stack(0x000000002aca0000,0x000000002aea0000)]
  0x0000000029822800 JavaThread "AWT-EventQueue-0" [_thread_blocked, id=9388, stack(0x000000002eb40000,0x000000002ed40000)]
  0x0000000029823000 JavaThread "Prism Font Disposer" daemon [_thread_blocked, id=4628, stack(0x000000002c140000,0x000000002c340000)]
  0x000000002981e000 JavaThread "JDI Internal Event Handler" daemon [_thread_blocked, id=488, stack(0x000000002e740000,0x000000002e940000)]
  0x0000000029821800 JavaThread "JDI Target VM Interface" daemon [_thread_in_native, id=1736, stack(0x0000000032f60000,0x0000000033160000)]
  0x0000000025aae800 JavaThread "BlueJ I/O Handler" [_thread_in_native, id=7560, stack(0x0000000033f60000,0x0000000034160000)]
  0x0000000025aad000 JavaThread "BlueJ I/O Handler" [_thread_in_native, id=7220, stack(0x0000000034160000,0x0000000034360000)]
  0x0000000025aad800 JavaThread "BlueJ I/O Handler" [_thread_blocked, id=6936, stack(0x0000000034360000,0x0000000034560000)]
  0x0000000025aac000 JavaThread "vm-event-handler" [_thread_blocked, id=9888, stack(0x0000000034560000,0x0000000034760000)]
  0x0000000025ab0000 JavaThread "Cleaner-0" daemon [_thread_blocked, id=4204, stack(0x0000000034760000,0x0000000034960000)]
  0x0000000025ab1000 JavaThread "SwingNode Disposer" daemon [_thread_blocked, id=7772, stack(0x0000000034960000,0x0000000034b60000)]
  0x0000000025ab2800 JavaThread "BlueJ compiler thread" [_thread_blocked, id=6248, stack(0x0000000034f60000,0x0000000035160000)]
  0x0000000025ab1800 JavaThread "Disposer" daemon [_thread_blocked, id=4984, stack(0x0000000034b60000,0x0000000034d60000)]

Other Threads:
  0x000000001fe69800 VMThread "VM Thread" [stack: 0x00000000206e0000,0x00000000208e0000] [id=7896]
  0x0000000020f4c000 WatcherThread [stack: 0x0000000021dc0000,0x0000000021fc0000] [id=6388]
  0x00000000028c3800 GCTaskThread "GC Thread#0" [stack: 0x0000000002280000,0x0000000002480000] [id=3576]
  0x0000000025b10000 GCTaskThread "GC Thread#1" [stack: 0x0000000027940000,0x0000000027b40000] [id=10000]
  0x0000000025b16800 GCTaskThread "GC Thread#2" [stack: 0x0000000027b40000,0x0000000027d40000] [id=6332]
  0x0000000025b17800 GCTaskThread "GC Thread#3" [stack: 0x0000000027d40000,0x0000000027f40000] [id=1440]
  0x00000000028e8800 ConcurrentGCThread "G1 Main Marker" [stack: 0x000000001d090000,0x000000001d290000] [id=1288]
  0x00000000028ee800 ConcurrentGCThread "G1 Conc#0" [stack: 0x000000001d290000,0x000000001d490000] [id=916]
  0x0000000002955000 ConcurrentGCThread "G1 Refine#0" [stack: 0x000000001f8e0000,0x000000001fae0000] [id=3908]
  0x0000000002958000 ConcurrentGCThread "G1 Young RemSet Sampling" [stack: 0x000000001fae0000,0x000000001fce0000] [id=7920]

Threads with active compile tasks:

VM state:not at safepoint (normal execution)

VM Mutex/Monitor currently owned by a thread: None

Heap address: 0x00000000a8e00000, size: 1394 MB, Compressed Oops mode: 32-bit
Narrow klass base: 0x0000000000000000, Narrow klass shift: 3
Compressed class space size: 1073741824 Address: 0x0000000100000000

Heap:
 garbage-first heap   total 343040K, used 142046K [0x00000000a8e00000, 0x0000000100000000)
  region size 1024K, 28 young (28672K), 5 survivors (5120K)
 Metaspace       used 75333K, capacity 78420K, committed 79612K, reserved 1118208K
  class space    used 9282K, capacity 10525K, committed 11008K, reserved 1048576K
Heap Regions: E=young(eden), S=young(survivor), O=old, HS=humongous(starts), HC=humongous(continues), CS=collection set, F=free, A=archive, TAMS=top-at-mark-start (previous, next)
|   0|0x00000000a8e00000, 0x00000000a8f00000, 0x00000000a8f00000|100%| O|  |TAMS 0x00000000a8f00000, 0x00000000a8e00000| Untracked 
|   1|0x00000000a8f00000, 0x00000000a9000000, 0x00000000a9000000|100%| O|  |TAMS 0x00000000a9000000, 0x00000000a8f00000| Untracked 
|   2|0x00000000a9000000, 0x00000000a9100000, 0x00000000a9100000|100%| O|  |TAMS 0x00000000a9100000, 0x00000000a9000000| Untracked 
|   3|0x00000000a9100000, 0x00000000a9200000, 0x00000000a9200000|100%| O|  |TAMS 0x00000000a9200000, 0x00000000a9100000| Untracked 
|   4|0x00000000a9200000, 0x00000000a9300000, 0x00000000a9300000|100%| O|  |TAMS 0x00000000a9300000, 0x00000000a9200000| Untracked 
|   5|0x00000000a9300000, 0x00000000a9400000, 0x00000000a9400000|100%| O|  |TAMS 0x00000000a9400000, 0x00000000a9300000| Untracked 
|   6|0x00000000a9400000, 0x00000000a9500000, 0x00000000a9500000|100%| O|  |TAMS 0x00000000a9500000, 0x00000000a9400000| Untracked 
|   7|0x00000000a9500000, 0x00000000a9600000, 0x00000000a9600000|100%| O|  |TAMS 0x00000000a9600000, 0x00000000a9500000| Untracked 
|   8|0x00000000a9600000, 0x00000000a9700000, 0x00000000a9700000|100%| O|  |TAMS 0x00000000a9700000, 0x00000000a9600000| Untracked 
|   9|0x00000000a9700000, 0x00000000a9800000, 0x00000000a9800000|100%| O|  |TAMS 0x00000000a9800000, 0x00000000a9700000| Untracked 
|  10|0x00000000a9800000, 0x00000000a9900000, 0x00000000a9900000|100%| O|  |TAMS 0x00000000a9900000, 0x00000000a9800000| Untracked 
|  11|0x00000000a9900000, 0x00000000a9a00000, 0x00000000a9a00000|100%| O|  |TAMS 0x00000000a9a00000, 0x00000000a9900000| Untracked 
|  12|0x00000000a9a00000, 0x00000000a9b00000, 0x00000000a9b00000|100%|HS|  |TAMS 0x00000000a9b00000, 0x00000000a9a00000| Complete 
|  13|0x00000000a9b00000, 0x00000000a9c00000, 0x00000000a9c00000|100%|HC|  |TAMS 0x00000000a9c00000, 0x00000000a9b00000| Complete 
|  14|0x00000000a9c00000, 0x00000000a9d00000, 0x00000000a9d00000|100%| O|  |TAMS 0x00000000a9d00000, 0x00000000a9c00000| Untracked 
|  15|0x00000000a9d00000, 0x00000000a9e00000, 0x00000000a9e00000|100%| O|  |TAMS 0x00000000a9e00000, 0x00000000a9d00000| Untracked 
|  16|0x00000000a9e00000, 0x00000000a9f00000, 0x00000000a9f00000|100%| O|  |TAMS 0x00000000a9f00000, 0x00000000a9e00000| Untracked 
|  17|0x00000000a9f00000, 0x00000000aa000000, 0x00000000aa000000|100%| O|  |TAMS 0x00000000aa000000, 0x00000000a9f00000| Untracked 
|  18|0x00000000aa000000, 0x00000000aa100000, 0x00000000aa100000|100%| O|  |TAMS 0x00000000aa100000, 0x00000000aa000000| Untracked 
|  19|0x00000000aa100000, 0x00000000aa200000, 0x00000000aa200000|100%| O|  |TAMS 0x00000000aa200000, 0x00000000aa100000| Untracked 
|  20|0x00000000aa200000, 0x00000000aa300000, 0x00000000aa300000|100%| O|  |TAMS 0x00000000aa300000, 0x00000000aa200000| Untracked 
|  21|0x00000000aa300000, 0x00000000aa400000, 0x00000000aa400000|100%| O|  |TAMS 0x00000000aa400000, 0x00000000aa300000| Untracked 
|  22|0x00000000aa400000, 0x00000000aa500000, 0x00000000aa500000|100%| O|  |TAMS 0x00000000aa500000, 0x00000000aa400000| Untracked 
|  23|0x00000000aa500000, 0x00000000aa600000, 0x00000000aa600000|100%| O|  |TAMS 0x00000000aa600000, 0x00000000aa500000| Untracked 
|  24|0x00000000aa600000, 0x00000000aa700000, 0x00000000aa700000|100%| O|  |TAMS 0x00000000aa700000, 0x00000000aa600000| Untracked 
|  25|0x00000000aa700000, 0x00000000aa800000, 0x00000000aa800000|100%| O|  |TAMS 0x00000000aa800000, 0x00000000aa700000| Untracked 
|  26|0x00000000aa800000, 0x00000000aa900000, 0x00000000aa900000|100%| O|  |TAMS 0x00000000aa900000, 0x00000000aa800000| Untracked 
|  27|0x00000000aa900000, 0x00000000aaa00000, 0x00000000aaa00000|100%| O|  |TAMS 0x00000000aaa00000, 0x00000000aa900000| Untracked 
|  28|0x00000000aaa00000, 0x00000000aab00000, 0x00000000aab00000|100%| O|  |TAMS 0x00000000aaa00000, 0x00000000aaa00000| Untracked 
|  29|0x00000000aab00000, 0x00000000aac00000, 0x00000000aac00000|100%| O|  |TAMS 0x00000000aab00000, 0x00000000aab00000| Untracked 
|  30|0x00000000aac00000, 0x00000000aad00000, 0x00000000aad00000|100%| O|  |TAMS 0x00000000aac00000, 0x00000000aac00000| Untracked 
|  31|0x00000000aad00000, 0x00000000aae00000, 0x00000000aae00000|100%| O|  |TAMS 0x00000000aae00000, 0x00000000aad00000| Untracked 
|  32|0x00000000aae00000, 0x00000000aaf00000, 0x00000000aaf00000|100%| O|  |TAMS 0x00000000aaf00000, 0x00000000aae00000| Untracked 
|  33|0x00000000aaf00000, 0x00000000ab000000, 0x00000000ab000000|100%| O|  |TAMS 0x00000000ab000000, 0x00000000aaf00000| Untracked 
|  34|0x00000000ab000000, 0x00000000ab100000, 0x00000000ab100000|100%| O|  |TAMS 0x00000000ab100000, 0x00000000ab000000| Untracked 
|  35|0x00000000ab100000, 0x00000000ab200000, 0x00000000ab200000|100%| O|  |TAMS 0x00000000ab200000, 0x00000000ab100000| Untracked 
|  36|0x00000000ab200000, 0x00000000ab300000, 0x00000000ab300000|100%| O|  |TAMS 0x00000000ab300000, 0x00000000ab200000| Untracked 
|  37|0x00000000ab300000, 0x00000000ab400000, 0x00000000ab400000|100%| O|  |TAMS 0x00000000ab400000, 0x00000000ab300000| Untracked 
|  38|0x00000000ab400000, 0x00000000ab500000, 0x00000000ab500000|100%| O|  |TAMS 0x00000000ab500000, 0x00000000ab400000| Untracked 
|  39|0x00000000ab500000, 0x00000000ab600000, 0x00000000ab600000|100%| O|  |TAMS 0x00000000ab600000, 0x00000000ab500000| Untracked 
|  40|0x00000000ab600000, 0x00000000ab700000, 0x00000000ab700000|100%| O|  |TAMS 0x00000000ab700000, 0x00000000ab600000| Untracked 
|  41|0x00000000ab700000, 0x00000000ab800000, 0x00000000ab800000|100%| O|  |TAMS 0x00000000ab800000, 0x00000000ab700000| Untracked 
|  42|0x00000000ab800000, 0x00000000ab900000, 0x00000000ab900000|100%| O|  |TAMS 0x00000000ab800000, 0x00000000ab800000| Untracked 
|  43|0x00000000ab900000, 0x00000000aba00000, 0x00000000aba00000|100%| O|  |TAMS 0x00000000ab900000, 0x00000000ab900000| Untracked 
|  44|0x00000000aba00000, 0x00000000abb00000, 0x00000000abb00000|100%| O|  |TAMS 0x00000000aba00000, 0x00000000aba00000| Untracked 
|  45|0x00000000abb00000, 0x00000000abc00000, 0x00000000abc00000|100%| O|  |TAMS 0x00000000abb00000, 0x00000000abb00000| Untracked 
|  46|0x00000000abc00000, 0x00000000abd00000, 0x00000000abd00000|100%| O|  |TAMS 0x00000000abc00000, 0x00000000abc00000| Untracked 
|  47|0x00000000abd00000, 0x00000000abe00000, 0x00000000abe00000|100%| O|  |TAMS 0x00000000abd00000, 0x00000000abd00000| Untracked 
|  48|0x00000000abe00000, 0x00000000abf00000, 0x00000000abf00000|100%| O|  |TAMS 0x00000000abe00000, 0x00000000abe00000| Untracked 
|  49|0x00000000abf00000, 0x00000000ac000000, 0x00000000ac000000|100%| O|  |TAMS 0x00000000abf00000, 0x00000000abf00000| Untracked 
|  50|0x00000000ac000000, 0x00000000ac100000, 0x00000000ac100000|100%| O|  |TAMS 0x00000000ac100000, 0x00000000ac000000| Untracked 
|  51|0x00000000ac100000, 0x00000000ac200000, 0x00000000ac200000|100%| O|  |TAMS 0x00000000ac200000, 0x00000000ac100000| Untracked 
|  52|0x00000000ac200000, 0x00000000ac300000, 0x00000000ac300000|100%| O|  |TAMS 0x00000000ac300000, 0x00000000ac200000| Untracked 
|  53|0x00000000ac300000, 0x00000000ac400000, 0x00000000ac400000|100%| O|  |TAMS 0x00000000ac400000, 0x00000000ac300000| Untracked 
|  54|0x00000000ac400000, 0x00000000ac500000, 0x00000000ac500000|100%| O|  |TAMS 0x00000000ac400000, 0x00000000ac400000| Untracked 
|  55|0x00000000ac500000, 0x00000000ac600000, 0x00000000ac600000|100%| O|  |TAMS 0x00000000ac600000, 0x00000000ac500000| Untracked 
|  56|0x00000000ac600000, 0x00000000ac700000, 0x00000000ac700000|100%| O|  |TAMS 0x00000000ac700000, 0x00000000ac600000| Untracked 
|  57|0x00000000ac700000, 0x00000000ac800000, 0x00000000ac800000|100%| O|  |TAMS 0x00000000ac800000, 0x00000000ac700000| Untracked 
|  58|0x00000000ac800000, 0x00000000ac900000, 0x00000000ac900000|100%| O|  |TAMS 0x00000000ac800000, 0x00000000ac800000| Untracked 
|  59|0x00000000ac900000, 0x00000000aca00000, 0x00000000aca00000|100%| O|  |TAMS 0x00000000ac900000, 0x00000000ac900000| Untracked 
|  60|0x00000000aca00000, 0x00000000acb00000, 0x00000000acb00000|100%| O|  |TAMS 0x00000000aca00000, 0x00000000aca00000| Untracked 
|  61|0x00000000acb00000, 0x00000000acc00000, 0x00000000acc00000|100%| O|  |TAMS 0x00000000acc00000, 0x00000000acb00000| Untracked 
|  62|0x00000000acc00000, 0x00000000acd00000, 0x00000000acd00000|100%| O|  |TAMS 0x00000000acd00000, 0x00000000acc00000| Untracked 
|  63|0x00000000acd00000, 0x00000000ace00000, 0x00000000ace00000|100%| O|  |TAMS 0x00000000ace00000, 0x00000000acd00000| Untracked 
|  64|0x00000000ace00000, 0x00000000acf00000, 0x00000000acf00000|100%| O|  |TAMS 0x00000000acf00000, 0x00000000ace00000| Untracked 
|  65|0x00000000acf00000, 0x00000000ad000000, 0x00000000ad000000|100%| O|  |TAMS 0x00000000ad000000, 0x00000000acf00000| Untracked 
|  66|0x00000000ad000000, 0x00000000ad100000, 0x00000000ad100000|100%| O|  |TAMS 0x00000000ad100000, 0x00000000ad000000| Untracked 
|  67|0x00000000ad100000, 0x00000000ad200000, 0x00000000ad200000|100%| O|  |TAMS 0x00000000ad100000, 0x00000000ad100000| Untracked 
|  68|0x00000000ad200000, 0x00000000ad300000, 0x00000000ad300000|100%| O|  |TAMS 0x00000000ad200000, 0x00000000ad200000| Untracked 
|  69|0x00000000ad300000, 0x00000000ad400000, 0x00000000ad400000|100%| O|  |TAMS 0x00000000ad300000, 0x00000000ad300000| Untracked 
|  70|0x00000000ad400000, 0x00000000ad500000, 0x00000000ad500000|100%| O|  |TAMS 0x00000000ad400000, 0x00000000ad400000| Untracked 
|  71|0x00000000ad500000, 0x00000000ad600000, 0x00000000ad600000|100%| O|  |TAMS 0x00000000ad600000, 0x00000000ad500000| Untracked 
|  72|0x00000000ad600000, 0x00000000ad700000, 0x00000000ad700000|100%| O|  |TAMS 0x00000000ad600000, 0x00000000ad600000| Untracked 
|  73|0x00000000ad700000, 0x00000000ad800000, 0x00000000ad800000|100%| O|  |TAMS 0x00000000ad700000, 0x00000000ad700000| Untracked 
|  74|0x00000000ad800000, 0x00000000ad900000, 0x00000000ad900000|100%| O|  |TAMS 0x00000000ad800000, 0x00000000ad800000| Untracked 
|  75|0x00000000ad900000, 0x00000000ada00000, 0x00000000ada00000|100%| O|  |TAMS 0x00000000ad900000, 0x00000000ad900000| Untracked 
|  76|0x00000000ada00000, 0x00000000adb00000, 0x00000000adb00000|100%| O|  |TAMS 0x00000000ada00000, 0x00000000ada00000| Untracked 
|  77|0x00000000adb00000, 0x00000000adc00000, 0x00000000adc00000|100%| O|  |TAMS 0x00000000adc00000, 0x00000000adb00000| Untracked 
|  78|0x00000000adc00000, 0x00000000add00000, 0x00000000add00000|100%| O|  |TAMS 0x00000000adc00000, 0x00000000adc00000| Untracked 
|  79|0x00000000add00000, 0x00000000ade00000, 0x00000000ade00000|100%| O|  |TAMS 0x00000000add00000, 0x00000000add00000| Untracked 
|  80|0x00000000ade00000, 0x00000000adf00000, 0x00000000adf00000|100%| O|  |TAMS 0x00000000ade00000, 0x00000000ade00000| Untracked 
|  81|0x00000000adf00000, 0x00000000ae000000, 0x00000000ae000000|100%| O|  |TAMS 0x00000000adf00000, 0x00000000adf00000| Untracked 
|  82|0x00000000ae000000, 0x00000000ae100000, 0x00000000ae100000|100%| O|  |TAMS 0x00000000ae000000, 0x00000000ae000000| Untracked 
|  83|0x00000000ae100000, 0x00000000ae200000, 0x00000000ae200000|100%| O|  |TAMS 0x00000000ae100000, 0x00000000ae100000| Untracked 
|  84|0x00000000ae200000, 0x00000000ae300000, 0x00000000ae300000|100%| O|  |TAMS 0x00000000ae200000, 0x00000000ae200000| Untracked 
|  85|0x00000000ae300000, 0x00000000ae400000, 0x00000000ae400000|100%| O|  |TAMS 0x00000000ae300000, 0x00000000ae300000| Untracked 
|  86|0x00000000ae400000, 0x00000000ae500000, 0x00000000ae500000|100%| O|  |TAMS 0x00000000ae400000, 0x00000000ae400000| Untracked 
|  87|0x00000000ae500000, 0x00000000ae600000, 0x00000000ae600000|100%| O|  |TAMS 0x00000000ae500000, 0x00000000ae500000| Untracked 
|  88|0x00000000ae600000, 0x00000000ae700000, 0x00000000ae700000|100%| O|  |TAMS 0x00000000ae600000, 0x00000000ae600000| Untracked 
|  89|0x00000000ae700000, 0x00000000ae800000, 0x00000000ae800000|100%| O|  |TAMS 0x00000000ae700000, 0x00000000ae700000| Untracked 
|  90|0x00000000ae800000, 0x00000000ae8c8600, 0x00000000ae900000| 78%| O|  |TAMS 0x00000000ae800000, 0x00000000ae800000| Untracked 
|  91|0x00000000ae900000, 0x00000000ae900000, 0x00000000aea00000|  0%| F|  |TAMS 0x00000000ae900000, 0x00000000ae900000| Untracked 
|  92|0x00000000aea00000, 0x00000000aea00000, 0x00000000aeb00000|  0%| F|  |TAMS 0x00000000aea00000, 0x00000000aea00000| Untracked 
|  93|0x00000000aeb00000, 0x00000000aec00000, 0x00000000aec00000|100%| O|  |TAMS 0x00000000aec00000, 0x00000000aeb00000| Untracked 
|  94|0x00000000aec00000, 0x00000000aed00000, 0x00000000aed00000|100%| O|  |TAMS 0x00000000aed00000, 0x00000000aec00000| Untracked 
|  95|0x00000000aed00000, 0x00000000aed00000, 0x00000000aee00000|  0%| F|  |TAMS 0x00000000aed00000, 0x00000000aed00000| Untracked 
|  96|0x00000000aee00000, 0x00000000aee00000, 0x00000000aef00000|  0%| F|  |TAMS 0x00000000aee00000, 0x00000000aee00000| Untracked 
|  97|0x00000000aef00000, 0x00000000aef00000, 0x00000000af000000|  0%| F|  |TAMS 0x00000000aef00000, 0x00000000aef00000| Untracked 
|  98|0x00000000af000000, 0x00000000af100000, 0x00000000af100000|100%| O|  |TAMS 0x00000000af000000, 0x00000000af000000| Untracked 
|  99|0x00000000af100000, 0x00000000af100000, 0x00000000af200000|  0%| F|  |TAMS 0x00000000af100000, 0x00000000af100000| Untracked 
| 100|0x00000000af200000, 0x00000000af200000, 0x00000000af300000|  0%| F|  |TAMS 0x00000000af200000, 0x00000000af200000| Untracked 
| 101|0x00000000af300000, 0x00000000af400000, 0x00000000af400000|100%| O|  |TAMS 0x00000000af400000, 0x00000000af300000| Untracked 
| 102|0x00000000af400000, 0x00000000af500000, 0x00000000af500000|100%| O|  |TAMS 0x00000000af500000, 0x00000000af400000| Untracked 
| 103|0x00000000af500000, 0x00000000af500000, 0x00000000af600000|  0%| F|  |TAMS 0x00000000af500000, 0x00000000af500000| Untracked 
| 104|0x00000000af600000, 0x00000000af600000, 0x00000000af700000|  0%| F|  |TAMS 0x00000000af600000, 0x00000000af600000| Untracked 
| 105|0x00000000af700000, 0x00000000af700000, 0x00000000af800000|  0%| F|  |TAMS 0x00000000af700000, 0x00000000af700000| Untracked 
| 106|0x00000000af800000, 0x00000000af800000, 0x00000000af900000|  0%| F|  |TAMS 0x00000000af800000, 0x00000000af800000| Untracked 
| 107|0x00000000af900000, 0x00000000af900000, 0x00000000afa00000|  0%| F|  |TAMS 0x00000000af900000, 0x00000000af900000| Untracked 
| 108|0x00000000afa00000, 0x00000000afa00000, 0x00000000afb00000|  0%| F|  |TAMS 0x00000000afa00000, 0x00000000afa00000| Untracked 
| 109|0x00000000afb00000, 0x00000000afb00000, 0x00000000afc00000|  0%| F|  |TAMS 0x00000000afb00000, 0x00000000afb00000| Untracked 
| 110|0x00000000afc00000, 0x00000000afc00000, 0x00000000afd00000|  0%| F|  |TAMS 0x00000000afc00000, 0x00000000afc00000| Untracked 
| 111|0x00000000afd00000, 0x00000000afd00000, 0x00000000afe00000|  0%| F|  |TAMS 0x00000000afd00000, 0x00000000afd00000| Untracked 
| 112|0x00000000afe00000, 0x00000000aff00000, 0x00000000aff00000|100%| O|  |TAMS 0x00000000aff00000, 0x00000000afe00000| Untracked 
| 113|0x00000000aff00000, 0x00000000b0000000, 0x00000000b0000000|100%| O|  |TAMS 0x00000000b0000000, 0x00000000aff00000| Untracked 
| 114|0x00000000b0000000, 0x00000000b0000000, 0x00000000b0100000|  0%| F|  |TAMS 0x00000000b0000000, 0x00000000b0000000| Untracked 
| 115|0x00000000b0100000, 0x00000000b0100000, 0x00000000b0200000|  0%| F|  |TAMS 0x00000000b0100000, 0x00000000b0100000| Untracked 
| 116|0x00000000b0200000, 0x00000000b0200000, 0x00000000b0300000|  0%| F|  |TAMS 0x00000000b0200000, 0x00000000b0200000| Untracked 
| 117|0x00000000b0300000, 0x00000000b0300000, 0x00000000b0400000|  0%| F|  |TAMS 0x00000000b0300000, 0x00000000b0300000| Untracked 
| 118|0x00000000b0400000, 0x00000000b0400000, 0x00000000b0500000|  0%| F|  |TAMS 0x00000000b0400000, 0x00000000b0400000| Untracked 
| 119|0x00000000b0500000, 0x00000000b0500000, 0x00000000b0600000|  0%| F|  |TAMS 0x00000000b0500000, 0x00000000b0500000| Untracked 
| 120|0x00000000b0600000, 0x00000000b0600000, 0x00000000b0700000|  0%| F|  |TAMS 0x00000000b0600000, 0x00000000b0600000| Untracked 
| 121|0x00000000b0700000, 0x00000000b0700000, 0x00000000b0800000|  0%| F|  |TAMS 0x00000000b0700000, 0x00000000b0700000| Untracked 
| 122|0x00000000b0800000, 0x00000000b0800000, 0x00000000b0900000|  0%| F|  |TAMS 0x00000000b0800000, 0x00000000b0800000| Untracked 
| 123|0x00000000b0900000, 0x00000000b0900000, 0x00000000b0a00000|  0%| F|  |TAMS 0x00000000b0900000, 0x00000000b0900000| Untracked 
| 124|0x00000000b0a00000, 0x00000000b0a00000, 0x00000000b0b00000|  0%| F|  |TAMS 0x00000000b0a00000, 0x00000000b0a00000| Untracked 
| 125|0x00000000b0b00000, 0x00000000b0b00000, 0x00000000b0c00000|  0%| F|  |TAMS 0x00000000b0b00000, 0x00000000b0b00000| Untracked 
| 126|0x00000000b0c00000, 0x00000000b0c00000, 0x00000000b0d00000|  0%| F|  |TAMS 0x00000000b0c00000, 0x00000000b0c00000| Untracked 
| 127|0x00000000b0d00000, 0x00000000b0d00000, 0x00000000b0e00000|  0%| F|  |TAMS 0x00000000b0d00000, 0x00000000b0d00000| Untracked 
| 128|0x00000000b0e00000, 0x00000000b0e00000, 0x00000000b0f00000|  0%| F|  |TAMS 0x00000000b0e00000, 0x00000000b0e00000| Untracked 
| 129|0x00000000b0f00000, 0x00000000b0f00000, 0x00000000b1000000|  0%| F|  |TAMS 0x00000000b0f00000, 0x00000000b0f00000| Untracked 
| 130|0x00000000b1000000, 0x00000000b1100000, 0x00000000b1100000|100%| O|  |TAMS 0x00000000b1100000, 0x00000000b1000000| Untracked 
| 131|0x00000000b1100000, 0x00000000b1100000, 0x00000000b1200000|  0%| F|  |TAMS 0x00000000b1100000, 0x00000000b1100000| Untracked 
| 132|0x00000000b1200000, 0x00000000b1200000, 0x00000000b1300000|  0%| F|  |TAMS 0x00000000b1200000, 0x00000000b1200000| Untracked 
| 133|0x00000000b1300000, 0x00000000b1300000, 0x00000000b1400000|  0%| F|  |TAMS 0x00000000b1300000, 0x00000000b1300000| Untracked 
| 134|0x00000000b1400000, 0x00000000b1400000, 0x00000000b1500000|  0%| F|  |TAMS 0x00000000b1400000, 0x00000000b1400000| Untracked 
| 135|0x00000000b1500000, 0x00000000b1500000, 0x00000000b1600000|  0%| F|  |TAMS 0x00000000b1500000, 0x00000000b1500000| Untracked 
| 136|0x00000000b1600000, 0x00000000b1600000, 0x00000000b1700000|  0%| F|  |TAMS 0x00000000b1600000, 0x00000000b1600000| Untracked 
| 137|0x00000000b1700000, 0x00000000b1700000, 0x00000000b1800000|  0%| F|  |TAMS 0x00000000b1700000, 0x00000000b1700000| Untracked 
| 138|0x00000000b1800000, 0x00000000b1800000, 0x00000000b1900000|  0%| F|  |TAMS 0x00000000b1800000, 0x00000000b1800000| Untracked 
| 139|0x00000000b1900000, 0x00000000b1900000, 0x00000000b1a00000|  0%| F|  |TAMS 0x00000000b1900000, 0x00000000b1900000| Untracked 
| 140|0x00000000b1a00000, 0x00000000b1a00000, 0x00000000b1b00000|  0%| F|  |TAMS 0x00000000b1a00000, 0x00000000b1a00000| Untracked 
| 141|0x00000000b1b00000, 0x00000000b1b00000, 0x00000000b1c00000|  0%| F|  |TAMS 0x00000000b1b00000, 0x00000000b1b00000| Untracked 
| 142|0x00000000b1c00000, 0x00000000b1c00000, 0x00000000b1d00000|  0%| F|  |TAMS 0x00000000b1c00000, 0x00000000b1c00000| Untracked 
| 143|0x00000000b1d00000, 0x00000000b1d00000, 0x00000000b1e00000|  0%| F|  |TAMS 0x00000000b1d00000, 0x00000000b1d00000| Untracked 
| 144|0x00000000b1e00000, 0x00000000b1e00000, 0x00000000b1f00000|  0%| F|  |TAMS 0x00000000b1e00000, 0x00000000b1e00000| Untracked 
| 145|0x00000000b1f00000, 0x00000000b1f00000, 0x00000000b2000000|  0%| F|  |TAMS 0x00000000b1f00000, 0x00000000b1f00000| Untracked 
| 146|0x00000000b2000000, 0x00000000b2100000, 0x00000000b2100000|100%| O|  |TAMS 0x00000000b2100000, 0x00000000b2000000| Untracked 
| 147|0x00000000b2100000, 0x00000000b2100000, 0x00000000b2200000|  0%| F|  |TAMS 0x00000000b2100000, 0x00000000b2100000| Untracked 
| 148|0x00000000b2200000, 0x00000000b2200000, 0x00000000b2300000|  0%| F|  |TAMS 0x00000000b2200000, 0x00000000b2200000| Untracked 
| 149|0x00000000b2300000, 0x00000000b2300000, 0x00000000b2400000|  0%| F|  |TAMS 0x00000000b2300000, 0x00000000b2300000| Untracked 
| 150|0x00000000b2400000, 0x00000000b2400000, 0x00000000b2500000|  0%| F|  |TAMS 0x00000000b2400000, 0x00000000b2400000| Untracked 
| 151|0x00000000b2500000, 0x00000000b2600000, 0x00000000b2600000|100%| O|  |TAMS 0x00000000b2600000, 0x00000000b2500000| Untracked 
| 152|0x00000000b2600000, 0x00000000b2600000, 0x00000000b2700000|  0%| F|  |TAMS 0x00000000b2600000, 0x00000000b2600000| Untracked 
| 153|0x00000000b2700000, 0x00000000b2700000, 0x00000000b2800000|  0%| F|  |TAMS 0x00000000b2700000, 0x00000000b2700000| Untracked 
| 154|0x00000000b2800000, 0x00000000b2800000, 0x00000000b2900000|  0%| F|  |TAMS 0x00000000b2800000, 0x00000000b2800000| Untracked 
| 155|0x00000000b2900000, 0x00000000b2900000, 0x00000000b2a00000|  0%| F|  |TAMS 0x00000000b2900000, 0x00000000b2900000| Untracked 
| 156|0x00000000b2a00000, 0x00000000b2a00000, 0x00000000b2b00000|  0%| F|  |TAMS 0x00000000b2a00000, 0x00000000b2a00000| Untracked 
| 157|0x00000000b2b00000, 0x00000000b2b00000, 0x00000000b2c00000|  0%| F|  |TAMS 0x00000000b2b00000, 0x00000000b2b00000| Untracked 
| 158|0x00000000b2c00000, 0x00000000b2c00000, 0x00000000b2d00000|  0%| F|  |TAMS 0x00000000b2c00000, 0x00000000b2c00000| Untracked 
| 159|0x00000000b2d00000, 0x00000000b2d00000, 0x00000000b2e00000|  0%| F|  |TAMS 0x00000000b2d00000, 0x00000000b2d00000| Untracked 
| 160|0x00000000b2e00000, 0x00000000b2f00000, 0x00000000b2f00000|100%| O|  |TAMS 0x00000000b2f00000, 0x00000000b2e00000| Untracked 
| 161|0x00000000b2f00000, 0x00000000b3000000, 0x00000000b3000000|100%| O|  |TAMS 0x00000000b3000000, 0x00000000b2f00000| Untracked 
| 162|0x00000000b3000000, 0x00000000b3000000, 0x00000000b3100000|  0%| F|  |TAMS 0x00000000b3000000, 0x00000000b3000000| Untracked 
| 163|0x00000000b3100000, 0x00000000b3100000, 0x00000000b3200000|  0%| F|  |TAMS 0x00000000b3100000, 0x00000000b3100000| Untracked 
| 164|0x00000000b3200000, 0x00000000b3200000, 0x00000000b3300000|  0%| F|  |TAMS 0x00000000b3200000, 0x00000000b3200000| Untracked 
| 165|0x00000000b3300000, 0x00000000b3300000, 0x00000000b3400000|  0%| F|  |TAMS 0x00000000b3300000, 0x00000000b3300000| Untracked 
| 166|0x00000000b3400000, 0x00000000b3400000, 0x00000000b3500000|  0%| F|  |TAMS 0x00000000b3400000, 0x00000000b3400000| Untracked 
| 167|0x00000000b3500000, 0x00000000b3500000, 0x00000000b3600000|  0%| F|  |TAMS 0x00000000b3500000, 0x00000000b3500000| Untracked 
| 168|0x00000000b3600000, 0x00000000b3600000, 0x00000000b3700000|  0%| F|  |TAMS 0x00000000b3600000, 0x00000000b3600000| Untracked 
| 169|0x00000000b3700000, 0x00000000b3700000, 0x00000000b3800000|  0%| F|  |TAMS 0x00000000b3700000, 0x00000000b3700000| Untracked 
| 170|0x00000000b3800000, 0x00000000b3800000, 0x00000000b3900000|  0%| F|  |TAMS 0x00000000b3800000, 0x00000000b3800000| Untracked 
| 171|0x00000000b3900000, 0x00000000b39ef460, 0x00000000b3a00000| 93%| S|CS|TAMS 0x00000000b3900000, 0x00000000b3900000| Complete 
| 172|0x00000000b3a00000, 0x00000000b3b00000, 0x00000000b3b00000|100%| S|CS|TAMS 0x00000000b3a00000, 0x00000000b3a00000| Complete 
| 173|0x00000000b3b00000, 0x00000000b3c00000, 0x00000000b3c00000|100%| O|  |TAMS 0x00000000b3c00000, 0x00000000b3b00000| Untracked 
| 174|0x00000000b3c00000, 0x00000000b3d00000, 0x00000000b3d00000|100%| S|CS|TAMS 0x00000000b3c00000, 0x00000000b3c00000| Complete 
| 175|0x00000000b3d00000, 0x00000000b3e00000, 0x00000000b3e00000|100%| S|CS|TAMS 0x00000000b3d00000, 0x00000000b3d00000| Complete 
| 176|0x00000000b3e00000, 0x00000000b3f00000, 0x00000000b3f00000|100%| S|CS|TAMS 0x00000000b3e00000, 0x00000000b3e00000| Complete 
| 177|0x00000000b3f00000, 0x00000000b3f00000, 0x00000000b4000000|  0%| F|  |TAMS 0x00000000b3f00000, 0x00000000b3f00000| Untracked 
| 178|0x00000000b4000000, 0x00000000b4100000, 0x00000000b4100000|100%| O|  |TAMS 0x00000000b4100000, 0x00000000b4000000| Untracked 
| 179|0x00000000b4100000, 0x00000000b4100000, 0x00000000b4200000|  0%| F|  |TAMS 0x00000000b4100000, 0x00000000b4100000| Untracked 
| 180|0x00000000b4200000, 0x00000000b4200000, 0x00000000b4300000|  0%| F|  |TAMS 0x00000000b4200000, 0x00000000b4200000| Untracked 
| 181|0x00000000b4300000, 0x00000000b4300000, 0x00000000b4400000|  0%| F|  |TAMS 0x00000000b4300000, 0x00000000b4300000| Untracked 
| 182|0x00000000b4400000, 0x00000000b4400000, 0x00000000b4500000|  0%| F|  |TAMS 0x00000000b4400000, 0x00000000b4400000| Untracked 
| 183|0x00000000b4500000, 0x00000000b4500000, 0x00000000b4600000|  0%| F|  |TAMS 0x00000000b4500000, 0x00000000b4500000| Untracked 
| 184|0x00000000b4600000, 0x00000000b4600000, 0x00000000b4700000|  0%| F|  |TAMS 0x00000000b4600000, 0x00000000b4600000| Untracked 
| 185|0x00000000b4700000, 0x00000000b4700000, 0x00000000b4800000|  0%| F|  |TAMS 0x00000000b4700000, 0x00000000b4700000| Untracked 
| 186|0x00000000b4800000, 0x00000000b4800000, 0x00000000b4900000|  0%| F|  |TAMS 0x00000000b4800000, 0x00000000b4800000| Untracked 
| 187|0x00000000b4900000, 0x00000000b4900000, 0x00000000b4a00000|  0%| F|  |TAMS 0x00000000b4900000, 0x00000000b4900000| Untracked 
| 188|0x00000000b4a00000, 0x00000000b4a00000, 0x00000000b4b00000|  0%| F|  |TAMS 0x00000000b4a00000, 0x00000000b4a00000| Untracked 
| 189|0x00000000b4b00000, 0x00000000b4b00000, 0x00000000b4c00000|  0%| F|  |TAMS 0x00000000b4b00000, 0x00000000b4b00000| Untracked 
| 190|0x00000000b4c00000, 0x00000000b4c00000, 0x00000000b4d00000|  0%| F|  |TAMS 0x00000000b4c00000, 0x00000000b4c00000| Untracked 
| 191|0x00000000b4d00000, 0x00000000b4d00000, 0x00000000b4e00000|  0%| F|  |TAMS 0x00000000b4d00000, 0x00000000b4d00000| Untracked 
| 192|0x00000000b4e00000, 0x00000000b4e00000, 0x00000000b4f00000|  0%| F|  |TAMS 0x00000000b4e00000, 0x00000000b4e00000| Untracked 
| 193|0x00000000b4f00000, 0x00000000b4f00000, 0x00000000b5000000|  0%| F|  |TAMS 0x00000000b4f00000, 0x00000000b4f00000| Untracked 
| 194|0x00000000b5000000, 0x00000000b5000000, 0x00000000b5100000|  0%| F|  |TAMS 0x00000000b5000000, 0x00000000b5000000| Untracked 
| 195|0x00000000b5100000, 0x00000000b5100000, 0x00000000b5200000|  0%| F|  |TAMS 0x00000000b5100000, 0x00000000b5100000| Untracked 
| 196|0x00000000b5200000, 0x00000000b5200000, 0x00000000b5300000|  0%| F|  |TAMS 0x00000000b5200000, 0x00000000b5200000| Untracked 
| 197|0x00000000b5300000, 0x00000000b5300000, 0x00000000b5400000|  0%| F|  |TAMS 0x00000000b5300000, 0x00000000b5300000| Untracked 
| 198|0x00000000b5400000, 0x00000000b5400000, 0x00000000b5500000|  0%| F|  |TAMS 0x00000000b5400000, 0x00000000b5400000| Untracked 
| 199|0x00000000b5500000, 0x00000000b5600000, 0x00000000b5600000|100%| O|  |TAMS 0x00000000b5600000, 0x00000000b5500000| Untracked 
| 200|0x00000000b5600000, 0x00000000b5700000, 0x00000000b5700000|100%| O|  |TAMS 0x00000000b5700000, 0x00000000b5600000| Untracked 
| 201|0x00000000b5700000, 0x00000000b5700000, 0x00000000b5800000|  0%| F|  |TAMS 0x00000000b5700000, 0x00000000b5700000| Untracked 
| 202|0x00000000b5800000, 0x00000000b5900000, 0x00000000b5900000|100%| O|  |TAMS 0x00000000b5900000, 0x00000000b5800000| Untracked 
| 203|0x00000000b5900000, 0x00000000b5a00000, 0x00000000b5a00000|100%| O|  |TAMS 0x00000000b598ea00, 0x00000000b5900000| Untracked 
| 204|0x00000000b5a00000, 0x00000000b5b00000, 0x00000000b5b00000|100%| O|  |TAMS 0x00000000b5a00000, 0x00000000b5a00000| Untracked 
| 205|0x00000000b5b00000, 0x00000000b5c00000, 0x00000000b5c00000|100%| O|  |TAMS 0x00000000b5b00000, 0x00000000b5b00000| Untracked 
| 206|0x00000000b5c00000, 0x00000000b5d00000, 0x00000000b5d00000|100%| O|  |TAMS 0x00000000b5c00000, 0x00000000b5c00000| Untracked 
| 207|0x00000000b5d00000, 0x00000000b5d00000, 0x00000000b5e00000|  0%| F|  |TAMS 0x00000000b5d00000, 0x00000000b5d00000| Untracked 
| 208|0x00000000b5e00000, 0x00000000b5e00000, 0x00000000b5f00000|  0%| F|  |TAMS 0x00000000b5e00000, 0x00000000b5e00000| Untracked 
| 209|0x00000000b5f00000, 0x00000000b5f00000, 0x00000000b6000000|  0%| F|  |TAMS 0x00000000b5f00000, 0x00000000b5f00000| Untracked 
| 210|0x00000000b6000000, 0x00000000b6000000, 0x00000000b6100000|  0%| F|  |TAMS 0x00000000b6000000, 0x00000000b6000000| Untracked 
| 211|0x00000000b6100000, 0x00000000b6100000, 0x00000000b6200000|  0%| F|  |TAMS 0x00000000b6100000, 0x00000000b6100000| Untracked 
| 212|0x00000000b6200000, 0x00000000b6200000, 0x00000000b6300000|  0%| F|  |TAMS 0x00000000b6200000, 0x00000000b6200000| Untracked 
| 213|0x00000000b6300000, 0x00000000b6300000, 0x00000000b6400000|  0%| F|  |TAMS 0x00000000b6300000, 0x00000000b6300000| Untracked 
| 214|0x00000000b6400000, 0x00000000b6400000, 0x00000000b6500000|  0%| F|  |TAMS 0x00000000b6400000, 0x00000000b6400000| Untracked 
| 215|0x00000000b6500000, 0x00000000b6500000, 0x00000000b6600000|  0%| F|  |TAMS 0x00000000b6500000, 0x00000000b6500000| Untracked 
| 216|0x00000000b6600000, 0x00000000b6600000, 0x00000000b6700000|  0%| F|  |TAMS 0x00000000b6600000, 0x00000000b6600000| Untracked 
| 217|0x00000000b6700000, 0x00000000b6700000, 0x00000000b6800000|  0%| F|  |TAMS 0x00000000b6700000, 0x00000000b6700000| Untracked 
| 218|0x00000000b6800000, 0x00000000b6800000, 0x00000000b6900000|  0%| F|  |TAMS 0x00000000b6800000, 0x00000000b6800000| Untracked 
| 219|0x00000000b6900000, 0x00000000b6900000, 0x00000000b6a00000|  0%| F|  |TAMS 0x00000000b6900000, 0x00000000b6900000| Untracked 
| 220|0x00000000b6a00000, 0x00000000b6a00000, 0x00000000b6b00000|  0%| F|  |TAMS 0x00000000b6a00000, 0x00000000b6a00000| Untracked 
| 221|0x00000000b6b00000, 0x00000000b6b00000, 0x00000000b6c00000|  0%| F|  |TAMS 0x00000000b6b00000, 0x00000000b6b00000| Untracked 
| 222|0x00000000b6c00000, 0x00000000b6c00000, 0x00000000b6d00000|  0%| F|  |TAMS 0x00000000b6c00000, 0x00000000b6c00000| Untracked 
| 223|0x00000000b6d00000, 0x00000000b6d00000, 0x00000000b6e00000|  0%| F|  |TAMS 0x00000000b6d00000, 0x00000000b6d00000| Untracked 
| 224|0x00000000b6e00000, 0x00000000b6e00000, 0x00000000b6f00000|  0%| F|  |TAMS 0x00000000b6e00000, 0x00000000b6e00000| Untracked 
| 225|0x00000000b6f00000, 0x00000000b6f00000, 0x00000000b7000000|  0%| F|  |TAMS 0x00000000b6f00000, 0x00000000b6f00000| Untracked 
| 226|0x00000000b7000000, 0x00000000b7000000, 0x00000000b7100000|  0%| F|  |TAMS 0x00000000b7000000, 0x00000000b7000000| Untracked 
| 227|0x00000000b7100000, 0x00000000b7100000, 0x00000000b7200000|  0%| F|  |TAMS 0x00000000b7100000, 0x00000000b7100000| Untracked 
| 228|0x00000000b7200000, 0x00000000b7200000, 0x00000000b7300000|  0%| F|  |TAMS 0x00000000b7200000, 0x00000000b7200000| Untracked 
| 229|0x00000000b7300000, 0x00000000b7300000, 0x00000000b7400000|  0%| F|  |TAMS 0x00000000b7300000, 0x00000000b7300000| Untracked 
| 230|0x00000000b7400000, 0x00000000b7400000, 0x00000000b7500000|  0%| F|  |TAMS 0x00000000b7400000, 0x00000000b7400000| Untracked 
| 231|0x00000000b7500000, 0x00000000b7500000, 0x00000000b7600000|  0%| F|  |TAMS 0x00000000b7500000, 0x00000000b7500000| Untracked 
| 232|0x00000000b7600000, 0x00000000b7600000, 0x00000000b7700000|  0%| F|  |TAMS 0x00000000b7600000, 0x00000000b7600000| Untracked 
| 233|0x00000000b7700000, 0x00000000b7700000, 0x00000000b7800000|  0%| F|  |TAMS 0x00000000b7700000, 0x00000000b7700000| Untracked 
| 234|0x00000000b7800000, 0x00000000b7800000, 0x00000000b7900000|  0%| F|  |TAMS 0x00000000b7800000, 0x00000000b7800000| Untracked 
| 235|0x00000000b7900000, 0x00000000b7900000, 0x00000000b7a00000|  0%| F|  |TAMS 0x00000000b7900000, 0x00000000b7900000| Untracked 
| 236|0x00000000b7a00000, 0x00000000b7a00000, 0x00000000b7b00000|  0%| F|  |TAMS 0x00000000b7a00000, 0x00000000b7a00000| Untracked 
| 237|0x00000000b7b00000, 0x00000000b7b00000, 0x00000000b7c00000|  0%| F|  |TAMS 0x00000000b7b00000, 0x00000000b7b00000| Untracked 
| 238|0x00000000b7c00000, 0x00000000b7c00000, 0x00000000b7d00000|  0%| F|  |TAMS 0x00000000b7c00000, 0x00000000b7c00000| Untracked 
| 239|0x00000000b7d00000, 0x00000000b7d00000, 0x00000000b7e00000|  0%| F|  |TAMS 0x00000000b7d00000, 0x00000000b7d00000| Untracked 
| 240|0x00000000b7e00000, 0x00000000b7e00000, 0x00000000b7f00000|  0%| F|  |TAMS 0x00000000b7e00000, 0x00000000b7e00000| Untracked 
| 241|0x00000000b7f00000, 0x00000000b7f00000, 0x00000000b8000000|  0%| F|  |TAMS 0x00000000b7f00000, 0x00000000b7f00000| Untracked 
| 242|0x00000000b8000000, 0x00000000b8000000, 0x00000000b8100000|  0%| F|  |TAMS 0x00000000b8000000, 0x00000000b8000000| Untracked 
| 243|0x00000000b8100000, 0x00000000b8100000, 0x00000000b8200000|  0%| F|  |TAMS 0x00000000b8100000, 0x00000000b8100000| Untracked 
| 244|0x00000000b8200000, 0x00000000b8200000, 0x00000000b8300000|  0%| F|  |TAMS 0x00000000b8200000, 0x00000000b8200000| Untracked 
| 245|0x00000000b8300000, 0x00000000b8300000, 0x00000000b8400000|  0%| F|  |TAMS 0x00000000b8300000, 0x00000000b8300000| Untracked 
| 246|0x00000000b8400000, 0x00000000b8400000, 0x00000000b8500000|  0%| F|  |TAMS 0x00000000b8400000, 0x00000000b8400000| Untracked 
| 247|0x00000000b8500000, 0x00000000b8500000, 0x00000000b8600000|  0%| F|  |TAMS 0x00000000b8500000, 0x00000000b8500000| Untracked 
| 248|0x00000000b8600000, 0x00000000b8600000, 0x00000000b8700000|  0%| F|  |TAMS 0x00000000b8600000, 0x00000000b8600000| Untracked 
| 249|0x00000000b8700000, 0x00000000b8700000, 0x00000000b8800000|  0%| F|  |TAMS 0x00000000b8700000, 0x00000000b8700000| Untracked 
| 250|0x00000000b8800000, 0x00000000b8800000, 0x00000000b8900000|  0%| F|  |TAMS 0x00000000b8800000, 0x00000000b8800000| Untracked 
| 251|0x00000000b8900000, 0x00000000b8900000, 0x00000000b8a00000|  0%| F|  |TAMS 0x00000000b8900000, 0x00000000b8900000| Untracked 
| 252|0x00000000b8a00000, 0x00000000b8a00000, 0x00000000b8b00000|  0%| F|  |TAMS 0x00000000b8a00000, 0x00000000b8a00000| Untracked 
| 253|0x00000000b8b00000, 0x00000000b8b00000, 0x00000000b8c00000|  0%| F|  |TAMS 0x00000000b8b00000, 0x00000000b8b00000| Untracked 
| 254|0x00000000b8c00000, 0x00000000b8c00000, 0x00000000b8d00000|  0%| F|  |TAMS 0x00000000b8c00000, 0x00000000b8c00000| Untracked 
| 255|0x00000000b8d00000, 0x00000000b8d00000, 0x00000000b8e00000|  0%| F|  |TAMS 0x00000000b8d00000, 0x00000000b8d00000| Untracked 
| 256|0x00000000b8e00000, 0x00000000b8e00000, 0x00000000b8f00000|  0%| F|  |TAMS 0x00000000b8e00000, 0x00000000b8e00000| Untracked 
| 257|0x00000000b8f00000, 0x00000000b8f00000, 0x00000000b9000000|  0%| F|  |TAMS 0x00000000b8f00000, 0x00000000b8f00000| Untracked 
| 258|0x00000000b9000000, 0x00000000b9000000, 0x00000000b9100000|  0%| F|  |TAMS 0x00000000b9000000, 0x00000000b9000000| Untracked 
| 259|0x00000000b9100000, 0x00000000b9100000, 0x00000000b9200000|  0%| F|  |TAMS 0x00000000b9100000, 0x00000000b9100000| Untracked 
| 260|0x00000000b9200000, 0x00000000b9200000, 0x00000000b9300000|  0%| F|  |TAMS 0x00000000b9200000, 0x00000000b9200000| Untracked 
| 261|0x00000000b9300000, 0x00000000b9300000, 0x00000000b9400000|  0%| F|  |TAMS 0x00000000b9300000, 0x00000000b9300000| Untracked 
| 262|0x00000000b9400000, 0x00000000b9400000, 0x00000000b9500000|  0%| F|  |TAMS 0x00000000b9400000, 0x00000000b9400000| Untracked 
| 263|0x00000000b9500000, 0x00000000b9500000, 0x00000000b9600000|  0%| F|  |TAMS 0x00000000b9500000, 0x00000000b9500000| Untracked 
| 264|0x00000000b9600000, 0x00000000b9600000, 0x00000000b9700000|  0%| F|  |TAMS 0x00000000b9600000, 0x00000000b9600000| Untracked 
| 265|0x00000000b9700000, 0x00000000b9700000, 0x00000000b9800000|  0%| F|  |TAMS 0x00000000b9700000, 0x00000000b9700000| Untracked 
| 266|0x00000000b9800000, 0x00000000b9800000, 0x00000000b9900000|  0%| F|  |TAMS 0x00000000b9800000, 0x00000000b9800000| Untracked 
| 267|0x00000000b9900000, 0x00000000b9900000, 0x00000000b9a00000|  0%| F|  |TAMS 0x00000000b9900000, 0x00000000b9900000| Untracked 
| 268|0x00000000b9a00000, 0x00000000b9a00000, 0x00000000b9b00000|  0%| F|  |TAMS 0x00000000b9a00000, 0x00000000b9a00000| Untracked 
| 269|0x00000000b9b00000, 0x00000000b9b00000, 0x00000000b9c00000|  0%| F|  |TAMS 0x00000000b9b00000, 0x00000000b9b00000| Untracked 
| 270|0x00000000b9c00000, 0x00000000b9c00000, 0x00000000b9d00000|  0%| F|  |TAMS 0x00000000b9c00000, 0x00000000b9c00000| Untracked 
| 271|0x00000000b9d00000, 0x00000000b9d00000, 0x00000000b9e00000|  0%| F|  |TAMS 0x00000000b9d00000, 0x00000000b9d00000| Untracked 
| 272|0x00000000b9e00000, 0x00000000b9e00000, 0x00000000b9f00000|  0%| F|  |TAMS 0x00000000b9e00000, 0x00000000b9e00000| Untracked 
| 273|0x00000000b9f00000, 0x00000000b9f00000, 0x00000000ba000000|  0%| F|  |TAMS 0x00000000b9f00000, 0x00000000b9f00000| Untracked 
| 274|0x00000000ba000000, 0x00000000ba000000, 0x00000000ba100000|  0%| F|  |TAMS 0x00000000ba000000, 0x00000000ba000000| Untracked 
| 275|0x00000000ba100000, 0x00000000ba100000, 0x00000000ba200000|  0%| F|  |TAMS 0x00000000ba100000, 0x00000000ba100000| Untracked 
| 276|0x00000000ba200000, 0x00000000ba200000, 0x00000000ba300000|  0%| F|  |TAMS 0x00000000ba200000, 0x00000000ba200000| Untracked 
| 277|0x00000000ba300000, 0x00000000ba300000, 0x00000000ba400000|  0%| F|  |TAMS 0x00000000ba300000, 0x00000000ba300000| Untracked 
| 278|0x00000000ba400000, 0x00000000ba400000, 0x00000000ba500000|  0%| F|  |TAMS 0x00000000ba400000, 0x00000000ba400000| Untracked 
| 279|0x00000000ba500000, 0x00000000ba500000, 0x00000000ba600000|  0%| F|  |TAMS 0x00000000ba500000, 0x00000000ba500000| Untracked 
| 280|0x00000000ba600000, 0x00000000ba600000, 0x00000000ba700000|  0%| F|  |TAMS 0x00000000ba600000, 0x00000000ba600000| Untracked 
| 281|0x00000000ba700000, 0x00000000ba700000, 0x00000000ba800000|  0%| F|  |TAMS 0x00000000ba700000, 0x00000000ba700000| Untracked 
| 282|0x00000000ba800000, 0x00000000ba800000, 0x00000000ba900000|  0%| F|  |TAMS 0x00000000ba800000, 0x00000000ba800000| Untracked 
| 283|0x00000000ba900000, 0x00000000ba900000, 0x00000000baa00000|  0%| F|  |TAMS 0x00000000ba900000, 0x00000000ba900000| Untracked 
| 284|0x00000000baa00000, 0x00000000baa00000, 0x00000000bab00000|  0%| F|  |TAMS 0x00000000baa00000, 0x00000000baa00000| Untracked 
| 285|0x00000000bab00000, 0x00000000bab00000, 0x00000000bac00000|  0%| F|  |TAMS 0x00000000bab00000, 0x00000000bab00000| Untracked 
| 286|0x00000000bac00000, 0x00000000bac00000, 0x00000000bad00000|  0%| F|  |TAMS 0x00000000bac00000, 0x00000000bac00000| Untracked 
| 287|0x00000000bad00000, 0x00000000bad00000, 0x00000000bae00000|  0%| F|  |TAMS 0x00000000bad00000, 0x00000000bad00000| Untracked 
| 288|0x00000000bae00000, 0x00000000bae00000, 0x00000000baf00000|  0%| F|  |TAMS 0x00000000bae00000, 0x00000000bae00000| Untracked 
| 289|0x00000000baf00000, 0x00000000baf00000, 0x00000000bb000000|  0%| F|  |TAMS 0x00000000baf00000, 0x00000000baf00000| Untracked 
| 290|0x00000000bb000000, 0x00000000bb000000, 0x00000000bb100000|  0%| F|  |TAMS 0x00000000bb000000, 0x00000000bb000000| Untracked 
| 291|0x00000000bb100000, 0x00000000bb100000, 0x00000000bb200000|  0%| F|  |TAMS 0x00000000bb100000, 0x00000000bb100000| Untracked 
| 292|0x00000000bb200000, 0x00000000bb200000, 0x00000000bb300000|  0%| F|  |TAMS 0x00000000bb200000, 0x00000000bb200000| Untracked 
| 293|0x00000000bb300000, 0x00000000bb300000, 0x00000000bb400000|  0%| F|  |TAMS 0x00000000bb300000, 0x00000000bb300000| Untracked 
| 294|0x00000000bb400000, 0x00000000bb400000, 0x00000000bb500000|  0%| F|  |TAMS 0x00000000bb400000, 0x00000000bb400000| Untracked 
| 295|0x00000000bb500000, 0x00000000bb500000, 0x00000000bb600000|  0%| F|  |TAMS 0x00000000bb500000, 0x00000000bb500000| Untracked 
| 296|0x00000000bb600000, 0x00000000bb600000, 0x00000000bb700000|  0%| F|  |TAMS 0x00000000bb600000, 0x00000000bb600000| Untracked 
| 297|0x00000000bb700000, 0x00000000bb700000, 0x00000000bb800000|  0%| F|  |TAMS 0x00000000bb700000, 0x00000000bb700000| Untracked 
| 298|0x00000000bb800000, 0x00000000bb800000, 0x00000000bb900000|  0%| F|  |TAMS 0x00000000bb800000, 0x00000000bb800000| Untracked 
| 299|0x00000000bb900000, 0x00000000bb900000, 0x00000000bba00000|  0%| F|  |TAMS 0x00000000bb900000, 0x00000000bb900000| Untracked 
| 300|0x00000000bba00000, 0x00000000bba00000, 0x00000000bbb00000|  0%| F|  |TAMS 0x00000000bba00000, 0x00000000bba00000| Untracked 
| 301|0x00000000bbb00000, 0x00000000bbb00000, 0x00000000bbc00000|  0%| F|  |TAMS 0x00000000bbb00000, 0x00000000bbb00000| Untracked 
| 302|0x00000000bbc00000, 0x00000000bbc00000, 0x00000000bbd00000|  0%| F|  |TAMS 0x00000000bbc00000, 0x00000000bbc00000| Untracked 
| 303|0x00000000bbd00000, 0x00000000bbd00000, 0x00000000bbe00000|  0%| F|  |TAMS 0x00000000bbd00000, 0x00000000bbd00000| Untracked 
| 304|0x00000000bbe00000, 0x00000000bbe00000, 0x00000000bbf00000|  0%| F|  |TAMS 0x00000000bbe00000, 0x00000000bbe00000| Untracked 
| 305|0x00000000bbf00000, 0x00000000bbf00000, 0x00000000bc000000|  0%| F|  |TAMS 0x00000000bbf00000, 0x00000000bbf00000| Untracked 
| 306|0x00000000bc000000, 0x00000000bc000000, 0x00000000bc100000|  0%| F|  |TAMS 0x00000000bc000000, 0x00000000bc000000| Untracked 
| 307|0x00000000bc100000, 0x00000000bc100000, 0x00000000bc200000|  0%| F|  |TAMS 0x00000000bc100000, 0x00000000bc100000| Untracked 
| 308|0x00000000bc200000, 0x00000000bc200000, 0x00000000bc300000|  0%| F|  |TAMS 0x00000000bc200000, 0x00000000bc200000| Untracked 
| 309|0x00000000bc300000, 0x00000000bc300000, 0x00000000bc400000|  0%| F|  |TAMS 0x00000000bc300000, 0x00000000bc300000| Untracked 
| 310|0x00000000bc400000, 0x00000000bc400000, 0x00000000bc500000|  0%| F|  |TAMS 0x00000000bc400000, 0x00000000bc400000| Untracked 
| 311|0x00000000bc500000, 0x00000000bc500000, 0x00000000bc600000|  0%| F|  |TAMS 0x00000000bc500000, 0x00000000bc500000| Untracked 
| 312|0x00000000bc600000, 0x00000000bc700000, 0x00000000bc700000|100%| E|  |TAMS 0x00000000bc600000, 0x00000000bc600000| Complete 
| 313|0x00000000bc700000, 0x00000000bc800000, 0x00000000bc800000|100%| E|CS|TAMS 0x00000000bc700000, 0x00000000bc700000| Complete 
| 314|0x00000000bc800000, 0x00000000bc900000, 0x00000000bc900000|100%| E|CS|TAMS 0x00000000bc800000, 0x00000000bc800000| Complete 
| 315|0x00000000bc900000, 0x00000000bca00000, 0x00000000bca00000|100%| E|CS|TAMS 0x00000000bc900000, 0x00000000bc900000| Complete 
| 316|0x00000000bca00000, 0x00000000bcb00000, 0x00000000bcb00000|100%| E|CS|TAMS 0x00000000bca00000, 0x00000000bca00000| Complete 
| 317|0x00000000bcb00000, 0x00000000bcc00000, 0x00000000bcc00000|100%| E|CS|TAMS 0x00000000bcb00000, 0x00000000bcb00000| Complete 
| 318|0x00000000bcc00000, 0x00000000bcd00000, 0x00000000bcd00000|100%| E|CS|TAMS 0x00000000bcc00000, 0x00000000bcc00000| Complete 
| 319|0x00000000bcd00000, 0x00000000bce00000, 0x00000000bce00000|100%| E|CS|TAMS 0x00000000bcd00000, 0x00000000bcd00000| Complete 
| 320|0x00000000bce00000, 0x00000000bcf00000, 0x00000000bcf00000|100%| E|CS|TAMS 0x00000000bce00000, 0x00000000bce00000| Complete 
| 321|0x00000000bcf00000, 0x00000000bd000000, 0x00000000bd000000|100%| E|CS|TAMS 0x00000000bcf00000, 0x00000000bcf00000| Complete 
| 322|0x00000000bd000000, 0x00000000bd100000, 0x00000000bd100000|100%| E|CS|TAMS 0x00000000bd000000, 0x00000000bd000000| Complete 
| 323|0x00000000bd100000, 0x00000000bd200000, 0x00000000bd200000|100%| E|CS|TAMS 0x00000000bd100000, 0x00000000bd100000| Complete 
| 324|0x00000000bd200000, 0x00000000bd300000, 0x00000000bd300000|100%| E|CS|TAMS 0x00000000bd200000, 0x00000000bd200000| Complete 
| 325|0x00000000bd300000, 0x00000000bd400000, 0x00000000bd400000|100%| E|CS|TAMS 0x00000000bd300000, 0x00000000bd300000| Complete 
| 326|0x00000000bd400000, 0x00000000bd500000, 0x00000000bd500000|100%| E|CS|TAMS 0x00000000bd400000, 0x00000000bd400000| Complete 
| 327|0x00000000bd500000, 0x00000000bd600000, 0x00000000bd600000|100%| E|CS|TAMS 0x00000000bd500000, 0x00000000bd500000| Complete 
| 328|0x00000000bd600000, 0x00000000bd700000, 0x00000000bd700000|100%| E|CS|TAMS 0x00000000bd600000, 0x00000000bd600000| Complete 
| 329|0x00000000bd700000, 0x00000000bd800000, 0x00000000bd800000|100%| E|CS|TAMS 0x00000000bd700000, 0x00000000bd700000| Complete 
| 330|0x00000000bd800000, 0x00000000bd900000, 0x00000000bd900000|100%| E|CS|TAMS 0x00000000bd800000, 0x00000000bd800000| Complete 
| 331|0x00000000bd900000, 0x00000000bda00000, 0x00000000bda00000|100%| E|CS|TAMS 0x00000000bd900000, 0x00000000bd900000| Complete 
| 332|0x00000000bda00000, 0x00000000bdb00000, 0x00000000bdb00000|100%| E|CS|TAMS 0x00000000bda00000, 0x00000000bda00000| Complete 
| 333|0x00000000bdb00000, 0x00000000bdc00000, 0x00000000bdc00000|100%| E|CS|TAMS 0x00000000bdb00000, 0x00000000bdb00000| Complete 
| 334|0x00000000bdc00000, 0x00000000bdd00000, 0x00000000bdd00000|100%| E|CS|TAMS 0x00000000bdc00000, 0x00000000bdc00000| Complete 

Card table byte_map: [0x0000000019f70000,0x000000001a230000] _byte_map_base: 0x0000000019a29000

Marking Bits (Prev, Next): (CMBitMap*) 0x00000000028e2808, (CMBitMap*) 0x00000000028e2840
 Prev Bits: [0x000000001a4f0000, 0x000000001bab8000)
 Next Bits: [0x000000001bac0000, 0x000000001d088000)

Polling page: 0x00000000006d0000

Metaspace:

Usage:
  Non-class:     66.30 MB capacity,    64.50 MB ( 97%) used,     1.43 MB (  2%) free+waste,   377.94 KB ( <1%) overhead. 
      Class:     10.28 MB capacity,     9.07 MB ( 88%) used,     1.04 MB ( 10%) free+waste,   173.06 KB (  2%) overhead. 
       Both:     76.58 MB capacity,    73.57 MB ( 96%) used,     2.48 MB (  3%) free+waste,   551.00 KB ( <1%) overhead. 

Virtual space:
  Non-class space:       68.00 MB reserved,      67.00 MB ( 99%) committed 
      Class space:        1.00 GB reserved,      10.75 MB (  1%) committed 
             Both:        1.07 GB reserved,      77.75 MB (  7%) committed 

Chunk freelists:
   Non-Class:  80.63 KB
       Class:  48.38 KB
        Both:  129.00 KB

CodeHeap 'non-profiled nmethods': size=120064Kb used=15928Kb max_used=15928Kb free=104135Kb
 bounds [0x0000000012660000, 0x0000000013600000, 0x0000000019ba0000]
CodeHeap 'profiled nmethods': size=120000Kb used=27400Kb max_used=29168Kb free=92599Kb
 bounds [0x000000000b130000, 0x000000000ce80000, 0x0000000012660000]
CodeHeap 'non-nmethods': size=5696Kb used=1585Kb max_used=1656Kb free=4110Kb
 bounds [0x000000000aba0000, 0x000000000ae10000, 0x000000000b130000]
 total_blobs=28594 nmethods=14427 adapters=1046
 compilation: enabled
              stopped_count=0, restarted_count=0
 full_count=0

Compilation events (10 events):
Event: 9905.184 Thread 0x000000001fead800 19884       3       javafx.css.CssMetaData::<init> (68 bytes)
Event: 9905.188 Thread 0x000000001fead800 nmethod 19884 0x000000000c4d0590 code [0x000000000c4d0800, 0x000000000c4d1570]
Event: 9905.188 Thread 0x000000001fead800 19885       3       javafx.beans.property.IntegerProperty::<init> (5 bytes)
Event: 9905.189 Thread 0x000000001fead800 nmethod 19885 0x000000000c350c10 code [0x000000000c350de0, 0x000000000c3510b8]
Event: 9905.189 Thread 0x000000001fead800 19886       3       com.sun.javafx.binding.ExpressionHelper$Generic::addListener (6 bytes)
Event: 9905.189 Thread 0x000000001fead800 nmethod 19886 0x000000000c0af610 code [0x000000000c0af7c0, 0x000000000c0af950]
Event: 9905.195 Thread 0x000000001fead800 19887       3       javafx.beans.property.DoublePropertyBase$ValueWrapper::<init> (27 bytes)
Event: 9905.197 Thread 0x000000001fead800 nmethod 19887 0x000000000c437790 code [0x000000000c437980, 0x000000000c437f90]
Event: 9905.197 Thread 0x000000001fead800 19888       3       javafx.beans.property.DoublePropertyBase$2::<init> (17 bytes)
Event: 9905.199 Thread 0x000000001fead800 nmethod 19888 0x000000000c463e10 code [0x000000000c464020, 0x000000000c464750]

GC Heap History (10 events):
Event: 3152.652 GC heap before
{Heap before GC invocations=271 (full 0):
 garbage-first heap   total 343040K, used 283580K [0x00000000a8e00000, 0x0000000100000000)
  region size 1024K, 169 young (173056K), 13 survivors (13312K)
 Metaspace       used 74683K, capacity 77636K, committed 78972K, reserved 1118208K
  class space    used 9208K, capacity 10418K, committed 10880K, reserved 1048576K
}
Event: 3152.672 GC heap after
{Heap after GC invocations=272 (full 0):
 garbage-first heap   total 343040K, used 118222K [0x00000000a8e00000, 0x0000000100000000)
  region size 1024K, 7 young (7168K), 7 survivors (7168K)
 Metaspace       used 74683K, capacity 77636K, committed 78972K, reserved 1118208K
  class space    used 9208K, capacity 10418K, committed 10880K, reserved 1048576K
}
Event: 3164.404 GC heap before
{Heap before GC invocations=272 (full 0):
 garbage-first heap   total 343040K, used 283086K [0x00000000a8e00000, 0x0000000100000000)
  region size 1024K, 169 young (173056K), 7 survivors (7168K)
 Metaspace       used 74700K, capacity 77703K, committed 78972K, reserved 1118208K
  class space    used 9208K, capacity 10418K, committed 10880K, reserved 1048576K
}
Event: 3164.433 GC heap after
{Heap after GC invocations=273 (full 0):
 garbage-first heap   total 343040K, used 120195K [0x00000000a8e00000, 0x0000000100000000)
  region size 1024K, 9 young (9216K), 9 survivors (9216K)
 Metaspace       used 74700K, capacity 77703K, committed 78972K, reserved 1118208K
  class space    used 9208K, capacity 10418K, committed 10880K, reserved 1048576K
}
Event: 3178.595 GC heap before
{Heap before GC invocations=273 (full 0):
 garbage-first heap   total 343040K, used 284035K [0x00000000a8e00000, 0x0000000100000000)
  region size 1024K, 169 young (173056K), 9 survivors (9216K)
 Metaspace       used 74714K, capacity 77767K, committed 78972K, reserved 1118208K
  class space    used 9208K, capacity 10418K, committed 10880K, reserved 1048576K
}
Event: 3178.633 GC heap after
{Heap after GC invocations=274 (full 0):
 garbage-first heap   total 343040K, used 121275K [0x00000000a8e00000, 0x0000000100000000)
  region size 1024K, 10 young (10240K), 10 survivors (10240K)
 Metaspace       used 74714K, capacity 77767K, committed 78972K, reserved 1118208K
  class space    used 9208K, capacity 10418K, committed 10880K, reserved 1048576K
}
Event: 3191.864 GC heap before
{Heap before GC invocations=274 (full 0):
 garbage-first heap   total 343040K, used 282043K [0x00000000a8e00000, 0x0000000100000000)
  region size 1024K, 167 young (171008K), 10 survivors (10240K)
 Metaspace       used 74804K, capacity 77858K, committed 79228K, reserved 1118208K
  class space    used 9212K, capacity 10424K, committed 10880K, reserved 1048576K
}
Event: 3191.898 GC heap after
{Heap after GC invocations=275 (full 0):
 garbage-first heap   total 343040K, used 124366K [0x00000000a8e00000, 0x0000000100000000)
  region size 1024K, 13 young (13312K), 13 survivors (13312K)
 Metaspace       used 74804K, capacity 77858K, committed 79228K, reserved 1118208K
  class space    used 9212K, capacity 10424K, committed 10880K, reserved 1048576K
}
Event: 9592.626 GC heap before
{Heap before GC invocations=275 (full 0):
 garbage-first heap   total 343040K, used 277966K [0x00000000a8e00000, 0x0000000100000000)
  region size 1024K, 163 young (166912K), 13 survivors (13312K)
 Metaspace       used 75332K, capacity 78420K, committed 79612K, reserved 1118208K
  class space    used 9282K, capacity 10525K, committed 11008K, reserved 1048576K
}
Event: 9592.661 GC heap after
{Heap after GC invocations=276 (full 0):
 garbage-first heap   total 343040K, used 119518K [0x00000000a8e00000, 0x0000000100000000)
  region size 1024K, 5 young (5120K), 5 survivors (5120K)
 Metaspace       used 75332K, capacity 78420K, committed 79612K, reserved 1118208K
  class space    used 9282K, capacity 10525K, committed 11008K, reserved 1048576K
}

Deoptimization events (10 events):
Event: 9905.192 Thread 0x0000000022343000 Uncommon trap: reason=bimorphic_or_optimized_type_check action=maybe_recompile pc=0x0000000012a47a38 method=org.reactfx.util.FingerTree.getSummary(Ljava/lang/Object;)Ljava/lang/Object; @ 1 c2
Event: 9905.192 Thread 0x0000000022343000 Uncommon trap: reason=unstable_if action=reinterpret pc=0x0000000012c5fd80 method=org.reactfx.collection.AccessorListMethods.isEmpty()Z @ 6 c2
Event: 9905.192 Thread 0x0000000022343000 Uncommon trap: reason=bimorphic_or_optimized_type_check action=maybe_recompile pc=0x0000000012a47a38 method=org.reactfx.util.FingerTree.getSummary(Ljava/lang/Object;)Ljava/lang/Object; @ 1 c2
Event: 9905.192 Thread 0x0000000022343000 Uncommon trap: reason=class_check action=maybe_recompile pc=0x0000000013369f34 method=org.reactfx.collection.LiveList.addListener(Ljavafx/beans/InvalidationListener;)V @ 10 c2
Event: 9905.192 Thread 0x0000000022343000 Uncommon trap: reason=class_check action=maybe_recompile pc=0x0000000013369f34 method=org.reactfx.collection.LiveList.addListener(Ljavafx/beans/InvalidationListener;)V @ 10 c2
Event: 9905.193 Thread 0x0000000022343000 Uncommon trap: reason=class_check action=maybe_recompile pc=0x0000000013369f34 method=org.reactfx.collection.LiveList.addListener(Ljavafx/beans/InvalidationListener;)V @ 10 c2
Event: 9905.193 Thread 0x0000000022343000 Uncommon trap: reason=class_check action=maybe_recompile pc=0x0000000013369f34 method=org.reactfx.collection.LiveList.addListener(Ljavafx/beans/InvalidationListener;)V @ 10 c2
Event: 9905.193 Thread 0x0000000022343000 Uncommon trap: reason=bimorphic_or_optimized_type_check action=maybe_recompile pc=0x000000001312b38c method=org.reactfx.EventStreams$26.observeInputs()Lorg/reactfx/Subscription; @ 30 c2
Event: 9905.194 Thread 0x0000000022343000 Uncommon trap: reason=unstable_if action=reinterpret pc=0x000000001355502c method=java.util.LinkedList$LLSpliterator.forEachRemaining(Ljava/util/function/Consumer;)V @ 18 c2
Event: 9905.194 Thread 0x0000000022343000 Uncommon trap: reason=unstable_if action=reinterpret pc=0x00000000130a5414 method=org.reactfx.value.FlatMapped.stopObservingSelected()V @ 4 c2

Classes redefined (0 events):
No events

Internal exceptions (10 events):
Event: 3228.044 Thread 0x00000000223db800 Implicit null exception at 0x000000001347153d to 0x0000000013476456
Event: 3228.049 Thread 0x00000000223db800 Implicit null exception at 0x00000000133b45a8 to 0x00000000133b479e
Event: 3229.408 Thread 0x0000000022343000 Exception <a 'java/io/FileNotFoundException'{0x00000000bc3b2ea0}> (0x00000000bc3b2ea0) thrown at [t:/workspace/open/src/hotspot/share/prims/jni.cpp, line 615]
Event: 3229.433 Thread 0x0000000022343000 Exception <a 'java/io/FileNotFoundException'{0x00000000bc255f68}> (0x00000000bc255f68) thrown at [t:/workspace/open/src/hotspot/share/prims/jni.cpp, line 615]
Event: 3235.347 Thread 0x0000000022343000 Implicit null exception at 0x00000000135b247d to 0x00000000135b4f2e
Event: 3239.619 Thread 0x0000000022343000 Exception <a 'java/io/FileNotFoundException'{0x00000000bbcabf18}> (0x00000000bbcabf18) thrown at [t:/workspace/open/src/hotspot/share/prims/jni.cpp, line 615]
Event: 3239.651 Thread 0x0000000022343000 Exception <a 'java/io/FileNotFoundException'{0x00000000bbb6ce80}> (0x00000000bbb6ce80) thrown at [t:/workspace/open/src/hotspot/share/prims/jni.cpp, line 615]
Event: 3252.269 Thread 0x0000000022343000 Implicit null exception at 0x0000000012f2421a to 0x0000000012f24f76
Event: 9905.028 Thread 0x0000000022343000 Implicit null exception at 0x00000000134c906a to 0x00000000134c9ace
Event: 9905.194 Thread 0x0000000022343000 Implicit null exception at 0x00000000130a50b7 to 0x00000000130a53fe

Events (10 events):
Event: 9905.193 Thread 0x0000000022343000 DEOPT UNPACKING pc=0x000000000abc89af sp=0x000000002376a978 mode 2
Event: 9905.193 Thread 0x0000000022343000 Uncommon trap: trap_request=0xffffffc6 fr.pc=0x000000001312b38c relative=0x000000000000084c
Event: 9905.194 Thread 0x0000000022343000 DEOPT PACKING pc=0x000000001312b38c sp=0x000000002376b4a0
Event: 9905.194 Thread 0x0000000022343000 DEOPT UNPACKING pc=0x000000000abc89af sp=0x000000002376b448 mode 2
Event: 9905.194 Thread 0x0000000022343000 Uncommon trap: trap_request=0xffffff4d fr.pc=0x000000001355502c relative=0x00000000000000ec
Event: 9905.194 Thread 0x0000000022343000 DEOPT PACKING pc=0x000000001355502c sp=0x000000002376b970
Event: 9905.194 Thread 0x0000000022343000 DEOPT UNPACKING pc=0x000000000abc89af sp=0x000000002376b918 mode 2
Event: 9905.194 Thread 0x0000000022343000 Uncommon trap: trap_request=0xffffff4d fr.pc=0x00000000130a5414 relative=0x0000000000000394
Event: 9905.194 Thread 0x0000000022343000 DEOPT PACKING pc=0x00000000130a5414 sp=0x000000002376b6a0
Event: 9905.194 Thread 0x0000000022343000 DEOPT UNPACKING pc=0x000000000abc89af sp=0x000000002376b538 mode 2


Dynamic libraries:
0x0000000000400000 - 0x00000000004d2000 	C:\Program Files\BlueJ\BlueJ.exe
0x00007ff982110000 - 0x00007ff9822bd000 	C:\WINDOWS\SYSTEM32\ntdll.dll
0x00007ff981c10000 - 0x00007ff981d4e000 	C:\WINDOWS\system32\KERNEL32.DLL
0x00007ff958710000 - 0x00007ff958722000 	C:\Program Files (x86)\AVG\Antivirus\aswhook.dll
0x00007ff97f620000 - 0x00007ff97f736000 	C:\WINDOWS\system32\KERNELBASE.dll
0x00007ff97fa30000 - 0x00007ff97fada000 	C:\WINDOWS\system32\msvcrt.dll
0x00007ff97fc10000 - 0x00007ff98113b000 	C:\WINDOWS\system32\SHELL32.dll
0x00007ff981140000 - 0x00007ff981194000 	C:\WINDOWS\system32\SHLWAPI.dll
0x00007ff97f8a0000 - 0x00007ff97fa17000 	C:\WINDOWS\system32\USER32.dll
0x00007ff97cfd0000 - 0x00007ff97cfda000 	C:\WINDOWS\SYSTEM32\VERSION.dll
0x00007ff981d50000 - 0x00007ff981f60000 	C:\WINDOWS\SYSTEM32\combase.dll
0x00007ff9811a0000 - 0x00007ff9812ec000 	C:\WINDOWS\system32\GDI32.dll
0x00007ff981fd0000 - 0x00007ff982110000 	C:\WINDOWS\system32\RPCRT4.dll
0x00007ff97f310000 - 0x00007ff97f33e000 	C:\WINDOWS\system32\SspiCli.dll
0x00007ff9818a0000 - 0x00007ff9818f9000 	C:\WINDOWS\SYSTEM32\sechost.dll
0x00007ff97f7b0000 - 0x00007ff97f7e6000 	C:\WINDOWS\system32\IMM32.DLL
0x00007ff9812f0000 - 0x00007ff981441000 	C:\WINDOWS\system32\MSCTF.dll
0x00007ff97d620000 - 0x00007ff97d6d2000 	C:\WINDOWS\SYSTEM32\shcore.dll
0x00007ff94b0f0000 - 0x00007ff94bc13000 	C:\Program Files\BlueJ\jdk\bin\server\jvm.dll
0x00007ff97f7f0000 - 0x00007ff97f89a000 	C:\WINDOWS\system32\ADVAPI32.dll
0x00007ff979080000 - 0x00007ff979089000 	C:\WINDOWS\SYSTEM32\WSOCK32.dll
0x00007ff979f50000 - 0x00007ff979f72000 	C:\WINDOWS\SYSTEM32\WINMM.dll
0x00007ff97fc00000 - 0x00007ff97fc07000 	C:\WINDOWS\system32\PSAPI.DLL
0x00007ff9711e0000 - 0x00007ff9711f6000 	C:\Program Files\BlueJ\jdk\bin\VCRUNTIME140.dll
0x00007ff9747b0000 - 0x00007ff9747b4000 	C:\Program Files\BlueJ\jdk\bin\api-ms-win-crt-stdio-l1-1-0.dll
0x00007ff9746d0000 - 0x00007ff9746d4000 	C:\Program Files\BlueJ\jdk\bin\api-ms-win-crt-string-l1-1-0.dll
0x00007ff9732a0000 - 0x00007ff9732a4000 	C:\Program Files\BlueJ\jdk\bin\api-ms-win-crt-runtime-l1-1-0.dll
0x00007ff972f70000 - 0x00007ff972f74000 	C:\Program Files\BlueJ\jdk\bin\api-ms-win-crt-convert-l1-1-0.dll
0x00007ff972f30000 - 0x00007ff972f33000 	C:\Program Files\BlueJ\jdk\bin\api-ms-win-crt-environment-l1-1-0.dll
0x00007ff972ef0000 - 0x00007ff972ef3000 	C:\Program Files\BlueJ\jdk\bin\api-ms-win-crt-utility-l1-1-0.dll
0x00007ff9711d0000 - 0x00007ff9711d5000 	C:\Program Files\BlueJ\jdk\bin\api-ms-win-crt-math-l1-1-0.dll
0x00007ff9709b0000 - 0x00007ff9709b3000 	C:\Program Files\BlueJ\jdk\bin\api-ms-win-crt-filesystem-l1-1-0.dll
0x00007ff9707a0000 - 0x00007ff9707a3000 	C:\Program Files\BlueJ\jdk\bin\api-ms-win-crt-time-l1-1-0.dll
0x00007ff970790000 - 0x00007ff970793000 	C:\Program Files\BlueJ\jdk\bin\api-ms-win-crt-heap-l1-1-0.dll
0x00007ff981ac0000 - 0x00007ff981b1a000 	C:\WINDOWS\system32\WS2_32.dll
0x00007ff979f20000 - 0x00007ff979f4a000 	C:\WINDOWS\SYSTEM32\WINMMBASE.dll
0x00007ff981510000 - 0x00007ff981519000 	C:\WINDOWS\system32\NSI.dll
0x00007ff97f3f0000 - 0x00007ff97f43f000 	C:\WINDOWS\SYSTEM32\cfgmgr32.dll
0x00007ff97e050000 - 0x00007ff97e078000 	C:\WINDOWS\SYSTEM32\DEVOBJ.dll
0x00007ff960970000 - 0x00007ff960a66000 	C:\Program Files\BlueJ\jdk\bin\ucrtbase.DLL
0x00007ff96f0a0000 - 0x00007ff96f0b1000 	C:\Program Files\BlueJ\jdk\bin\verify.dll
0x00007ff976fb0000 - 0x00007ff977139000 	C:\WINDOWS\SYSTEM32\DBGHELP.DLL
0x00007ff96cf70000 - 0x00007ff96cf98000 	C:\Program Files\BlueJ\jdk\bin\java.dll
0x00007ff96c9a0000 - 0x00007ff96c9b6000 	C:\Program Files\BlueJ\jdk\bin\zip.dll
0x00007ff96f090000 - 0x00007ff96f09a000 	C:\Program Files\BlueJ\jdk\bin\jimage.dll
0x00007ff97f240000 - 0x00007ff97f255000 	C:\WINDOWS\SYSTEM32\profapi.dll
0x00007ff96c980000 - 0x00007ff96c999000 	C:\Program Files\BlueJ\jdk\bin\net.dll
0x00007ff977340000 - 0x00007ff977409000 	C:\WINDOWS\SYSTEM32\WINHTTP.dll
0x00007ff977710000 - 0x00007ff977898000 	C:\WINDOWS\SYSTEM32\urlmon.dll
0x00007ff981520000 - 0x00007ff9816b4000 	C:\WINDOWS\system32\ole32.dll
0x00007ff977430000 - 0x00007ff9776fa000 	C:\WINDOWS\SYSTEM32\iertutil.dll
0x00007ff9779e0000 - 0x00007ff977e8c000 	C:\WINDOWS\SYSTEM32\WININET.dll
0x00007ff97e800000 - 0x00007ff97e821000 	C:\WINDOWS\SYSTEM32\USERENV.dll
0x00007ff97ea70000 - 0x00007ff97eac9000 	C:\WINDOWS\system32\mswsock.dll
0x00007ff96c890000 - 0x00007ff96c8a3000 	C:\Program Files\BlueJ\jdk\bin\nio.dll
0x00007ff96d080000 - 0x00007ff96d083000 	C:\Program Files\BlueJ\lib\javafx\bin\api-ms-win-core-console-l1-1-0.dll
0x00007ff96c970000 - 0x00007ff96c973000 	C:\Program Files\BlueJ\lib\javafx\bin\api-ms-win-core-datetime-l1-1-0.dll
0x00007ff96c880000 - 0x00007ff96c883000 	C:\Program Files\BlueJ\lib\javafx\bin\api-ms-win-core-debug-l1-1-0.dll
0x00007ff96c750000 - 0x00007ff96c753000 	C:\Program Files\BlueJ\lib\javafx\bin\api-ms-win-core-errorhandling-l1-1-0.dll
0x00007ff96c6f0000 - 0x00007ff96c6f4000 	C:\Program Files\BlueJ\lib\javafx\bin\api-ms-win-core-file-l1-1-0.dll
0x00007ff96bef0000 - 0x00007ff96bef3000 	C:\Program Files\BlueJ\lib\javafx\bin\api-ms-win-core-file-l1-2-0.dll
0x00007ff96bee0000 - 0x00007ff96bee3000 	C:\Program Files\BlueJ\lib\javafx\bin\api-ms-win-core-file-l2-1-0.dll
0x00007ff96bed0000 - 0x00007ff96bed3000 	C:\Program Files\BlueJ\lib\javafx\bin\api-ms-win-core-handle-l1-1-0.dll
0x00007ff96bec0000 - 0x00007ff96bec3000 	C:\Program Files\BlueJ\lib\javafx\bin\api-ms-win-core-heap-l1-1-0.dll
0x00007ff96bd30000 - 0x00007ff96bd33000 	C:\Program Files\BlueJ\lib\javafx\bin\api-ms-win-core-interlocked-l1-1-0.dll
0x00007ff96bd20000 - 0x00007ff96bd23000 	C:\Program Files\BlueJ\lib\javafx\bin\api-ms-win-core-libraryloader-l1-1-0.dll
0x00007ff96bca0000 - 0x00007ff96bca3000 	C:\Program Files\BlueJ\lib\javafx\bin\api-ms-win-core-localization-l1-2-0.dll
0x00007ff96bc90000 - 0x00007ff96bc93000 	C:\Program Files\BlueJ\lib\javafx\bin\api-ms-win-core-memory-l1-1-0.dll
0x00007ff96bc80000 - 0x00007ff96bc83000 	C:\Program Files\BlueJ\lib\javafx\bin\api-ms-win-core-namedpipe-l1-1-0.dll
0x00007ff96ba90000 - 0x00007ff96ba93000 	C:\Program Files\BlueJ\lib\javafx\bin\api-ms-win-core-processenvironment-l1-1-0.dll
0x00007ff96ba80000 - 0x00007ff96ba83000 	C:\Program Files\BlueJ\lib\javafx\bin\api-ms-win-core-processthreads-l1-1-0.dll
0x00007ff96ba70000 - 0x00007ff96ba73000 	C:\Program Files\BlueJ\lib\javafx\bin\api-ms-win-core-processthreads-l1-1-1.dll
0x00007ff96ba60000 - 0x00007ff96ba63000 	C:\Program Files\BlueJ\lib\javafx\bin\api-ms-win-core-profile-l1-1-0.dll
0x00007ff96b0a0000 - 0x00007ff96b0a3000 	C:\Program Files\BlueJ\lib\javafx\bin\api-ms-win-core-rtlsupport-l1-1-0.dll
0x00007ff96b090000 - 0x00007ff96b093000 	C:\Program Files\BlueJ\lib\javafx\bin\api-ms-win-core-string-l1-1-0.dll
0x00007ff96b080000 - 0x00007ff96b083000 	C:\Program Files\BlueJ\lib\javafx\bin\api-ms-win-core-synch-l1-1-0.dll
0x00007ff96b070000 - 0x00007ff96b073000 	C:\Program Files\BlueJ\lib\javafx\bin\api-ms-win-core-synch-l1-2-0.dll
0x00007ff96b060000 - 0x00007ff96b063000 	C:\Program Files\BlueJ\lib\javafx\bin\api-ms-win-core-sysinfo-l1-1-0.dll
0x00007ff96b050000 - 0x00007ff96b053000 	C:\Program Files\BlueJ\lib\javafx\bin\api-ms-win-core-timezone-l1-1-0.dll
0x00007ff96adc0000 - 0x00007ff96adc3000 	C:\Program Files\BlueJ\lib\javafx\bin\api-ms-win-core-util-l1-1-0.dll
0x00007ff96adb0000 - 0x00007ff96adb3000 	C:\Program Files\BlueJ\lib\javafx\bin\api-ms-win-crt-conio-l1-1-0.dll
0x00007ff96ad60000 - 0x00007ff96ad64000 	C:\Program Files\BlueJ\lib\javafx\bin\api-ms-win-crt-convert-l1-1-0.dll
0x00007ff969970000 - 0x00007ff969973000 	C:\Program Files\BlueJ\lib\javafx\bin\api-ms-win-crt-environment-l1-1-0.dll
0x00007ff969960000 - 0x00007ff969963000 	C:\Program Files\BlueJ\lib\javafx\bin\api-ms-win-crt-filesystem-l1-1-0.dll
0x00007ff969150000 - 0x00007ff969153000 	C:\Program Files\BlueJ\lib\javafx\bin\api-ms-win-crt-heap-l1-1-0.dll
0x00007ff969140000 - 0x00007ff969143000 	C:\Program Files\BlueJ\lib\javafx\bin\api-ms-win-crt-locale-l1-1-0.dll
0x00007ff969130000 - 0x00007ff969135000 	C:\Program Files\BlueJ\lib\javafx\bin\api-ms-win-crt-math-l1-1-0.dll
0x00007ff969120000 - 0x00007ff969125000 	C:\Program Files\BlueJ\lib\javafx\bin\api-ms-win-crt-multibyte-l1-1-0.dll
0x00007ff9688a0000 - 0x00007ff9688b0000 	C:\Program Files\BlueJ\lib\javafx\bin\api-ms-win-crt-private-l1-1-0.dll
0x00007ff967c70000 - 0x00007ff967c73000 	C:\Program Files\BlueJ\lib\javafx\bin\api-ms-win-crt-process-l1-1-0.dll
0x00007ff967c60000 - 0x00007ff967c64000 	C:\Program Files\BlueJ\lib\javafx\bin\api-ms-win-crt-runtime-l1-1-0.dll
0x00007ff967c50000 - 0x00007ff967c54000 	C:\Program Files\BlueJ\lib\javafx\bin\api-ms-win-crt-stdio-l1-1-0.dll
0x00007ff964bc0000 - 0x00007ff964bc4000 	C:\Program Files\BlueJ\lib\javafx\bin\api-ms-win-crt-string-l1-1-0.dll
0x00007ff964bb0000 - 0x00007ff964bb3000 	C:\Program Files\BlueJ\lib\javafx\bin\api-ms-win-crt-time-l1-1-0.dll
0x00007ff960c30000 - 0x00007ff960c33000 	C:\Program Files\BlueJ\lib\javafx\bin\api-ms-win-crt-utility-l1-1-0.dll
0x00007ff960360000 - 0x00007ff96045a000 	C:\Program Files\BlueJ\lib\javafx\bin\ucrtbase.dll
0x00007ff960910000 - 0x00007ff960926000 	C:\Program Files\BlueJ\lib\javafx\bin\vcruntime140.dll
0x00007ff9602b0000 - 0x00007ff960356000 	C:\Program Files\BlueJ\lib\javafx\bin\msvcp140.dll
0x00007ff95a790000 - 0x00007ff95a7e1000 	C:\Program Files\BlueJ\lib\javafx\bin\concrt140.dll
0x00007ff9608e0000 - 0x00007ff960903000 	C:\Program Files\BlueJ\lib\javafx\bin\prism_d3d.dll
0x00007ff95cd80000 - 0x00007ff95cfa1000 	C:\WINDOWS\system32\d3d9.dll
0x00007ff97d400000 - 0x00007ff97d421000 	C:\WINDOWS\SYSTEM32\dwmapi.dll
0x00007ff97ded0000 - 0x00007ff97dff9000 	C:\WINDOWS\system32\uxtheme.dll
0x00007ff97cfe0000 - 0x00007ff97d124000 	C:\WINDOWS\SYSTEM32\aticfx64.dll
0x00007ff95a330000 - 0x00007ff95a350000 	C:\WINDOWS\SYSTEM32\atiu9p64.dll
0x00007ff94d7f0000 - 0x00007ff94df51000 	C:\WINDOWS\SYSTEM32\atiumd64.dll
0x000000005af80000 - 0x000000005b80d000 	C:\WINDOWS\SYSTEM32\atiumd6a.dll
0x00007ff95a740000 - 0x00007ff95a785000 	C:\Program Files\BlueJ\lib\javafx\bin\glass.dll
0x00007ff981450000 - 0x00007ff981506000 	C:\WINDOWS\system32\COMDLG32.dll
0x00007ff981b20000 - 0x00007ff981be6000 	C:\WINDOWS\system32\OLEAUT32.dll
0x00007ff970aa0000 - 0x00007ff970b44000 	C:\WINDOWS\WinSxS\amd64_microsoft.windows.common-controls_6595b64144ccf1df_5.82.9600.17810_none_34ae2abd958aedeb\COMCTL32.dll
0x00007ff97b1c0000 - 0x00007ff97b26b000 	C:\Program Files\Common Files\microsoft shared\ink\tiptsf.dll
0x00007ff97e0a0000 - 0x00007ff97e0ab000 	C:\WINDOWS\SYSTEM32\kernel.appcore.dll
0x00007ff97f110000 - 0x00007ff97f11b000 	C:\WINDOWS\SYSTEM32\CRYPTBASE.dll
0x00007ff97f0a0000 - 0x00007ff97f103000 	C:\WINDOWS\SYSTEM32\bcryptPrimitives.dll
0x00007ff960690000 - 0x00007ff9608bf000 	C:\Program Files\Acer\Acer Power Management\SysHook.dll
0x00007ff9799e0000 - 0x00007ff9799e7000 	C:\WINDOWS\SYSTEM32\MSIMG32.dll
0x00007ff974640000 - 0x00007ff9746c2000 	C:\WINDOWS\SYSTEM32\WINSPOOL.DRV
0x00007ff979430000 - 0x00007ff9795e1000 	C:\WINDOWS\WinSxS\amd64_microsoft.windows.gdiplus_6595b64144ccf1df_1.1.9600.19264_none_933057a3474b6347\gdiplus.dll
0x00007ff97bae0000 - 0x00007ff97bb4a000 	C:\WINDOWS\SYSTEM32\OLEACC.dll
0x00007ff955ee0000 - 0x00007ff95607e000 	C:\Program Files\BlueJ\jdk\bin\awt.dll
0x00007ff975310000 - 0x00007ff975791000 	C:\WINDOWS\SYSTEM32\d2d1.dll
0x00007ff97de00000 - 0x00007ff97de8e000 	C:\WINDOWS\system32\apphelp.dll
0x00007ff9608c0000 - 0x00007ff9608d4000 	C:\Program Files\BlueJ\lib\javafx\bin\javafx_font.dll
0x00007ff97bc60000 - 0x00007ff97be4a000 	C:\WINDOWS\SYSTEM32\dwrite.dll
0x00007ff97fb40000 - 0x00007ff97fbf6000 	C:\WINDOWS\SYSTEM32\clbcatq.dll
0x00007ff97cd20000 - 0x00007ff97cf9b000 	C:\WINDOWS\WinSxS\amd64_microsoft.windows.common-controls_6595b64144ccf1df_6.0.9600.18006_none_623f33d3ecbe86e8\comctl32.dll
0x00007ff97b270000 - 0x00007ff97b41e000 	C:\WINDOWS\SYSTEM32\WindowsCodecs.dll

dbghelp: loaded successfully - version: 4.0.5 - missing functions: none
symbol engine: initialized successfully - sym options: 0x614 - pdb path: .;C:\Program Files\BlueJ;C:\WINDOWS\SYSTEM32;C:\Program Files (x86)\AVG\Antivirus;C:\Program Files\BlueJ\jdk\bin\server;C:\Program Files\BlueJ\jdk\bin;C:\Program Files\BlueJ\lib\javafx\bin;C:\WINDOWS\WinSxS\amd64_microsoft.windows.common-controls_6595b64144ccf1df_5.82.9600.17810_none_34ae2abd958aedeb;C:\Program Files\Common Files\microsoft shared\ink;C:\Program Files\Acer\Acer Power Management;C:\WINDOWS\WinSxS\amd64_microsoft.windows.gdiplus_6595b64144ccf1df_1.1.9600.19264_none_933057a3474b6347;C:\WINDOWS\WinSxS\amd64_microsoft.windows.common-controls_6595b64144ccf1df_6.0.9600.18006_none_623f33d3ecbe86e8

VM Arguments:
jvm_args: -Djavafx.embed.singleThread=true 
java_command: <unknown>
java_class_path (initial): C:\Program Files\BlueJ\lib\bluej.jar;C:\Program Files\BlueJ\lib\javafx\lib\javafx.base.jar;C:\Program Files\BlueJ\lib\javafx\lib\javafx.controls.jar;C:\Program Files\BlueJ\lib\javafx\lib\javafx.fxml.jar;C:\Program Files\BlueJ\lib\javafx\lib\javafx.graphics.jar;C:\Program Files\BlueJ\lib\javafx\lib\javafx.media.jar;C:\Program Files\BlueJ\lib\javafx\lib\javafx.properties.jar;C:\Program Files\BlueJ\lib\javafx\lib\javafx.swing.jar;C:\Program Files\BlueJ\lib\javafx\lib\javafx.web.jar
Launcher Type: generic

[Global flags]
     intx CICompilerCount                          = 3                                         {product} {ergonomic}
     uint ConcGCThreads                            = 1                                         {product} {ergonomic}
     uint G1ConcRefinementThreads                  = 4                                         {product} {ergonomic}
   size_t G1HeapRegionSize                         = 1048576                                   {product} {ergonomic}
    uintx GCDrainStackTargetSize                   = 64                                        {product} {ergonomic}
   size_t InitialHeapSize                          = 92274688                                  {product} {ergonomic}
   size_t MarkStackSize                            = 4194304                                   {product} {ergonomic}
   size_t MaxHeapSize                              = 1461714944                                {product} {ergonomic}
   size_t MaxNewSize                               = 876609536                                 {product} {ergonomic}
   size_t MinHeapDeltaBytes                        = 1048576                                   {product} {ergonomic}
    uintx NonNMethodCodeHeapSize                   = 5830092                                {pd product} {ergonomic}
    uintx NonProfiledCodeHeapSize                  = 122914074                              {pd product} {ergonomic}
    uintx ProfiledCodeHeapSize                     = 122914074                              {pd product} {ergonomic}
    uintx ReservedCodeCacheSize                    = 251658240                              {pd product} {ergonomic}
     bool SegmentedCodeCache                       = true                                      {product} {ergonomic}
     bool UseCompressedClassPointers               = true                                 {lp64_product} {ergonomic}
     bool UseCompressedOops                        = true                                 {lp64_product} {ergonomic}
     bool UseG1GC                                  = true                                      {product} {ergonomic}
     bool UseLargePagesIndividualAllocation        = false                                  {pd product} {ergonomic}

Logging:
Log output configuration:
 #0: stdout all=warning uptime,level,tags
 #1: stderr all=off uptime,level,tags

Environment Variables:
PATH=C:\Program Files\Java\jdk-11.0.2\bin;C:\WinAVR-20100110\bin;C:\WinAVR-20100110\utils\bin;C:\Program Files (x86)\Common Files\Oracle\Java\javapath;C:\ProgramData\Oracle\Java\javapath;C:\WINDOWS\system32;C:\WINDOWS;C:\WINDOWS\System32\Wbem;C:\WINDOWS\System32\WindowsPowerShell\v1.0\;C:\Program Files (x86)\ATI Technologies\ATI.ACE\Core-Static;C:\Program Files (x86)\Windows Live\Shared;C:\Program Files\Git\cmd;c:\program files (x86)\Model Sim\win32pe_edu;C:\Modeltech_pe_edu_10.4a\win32pe_edu;c:\program files (x86)\ModelSim\win32pe_edu
USERNAME=R-Na
OS=Windows_NT
PROCESSOR_IDENTIFIER=AMD64 Family 22 Model 0 Stepping 1, AuthenticAMD



---------------  S Y S T E M  ---------------

OS: Windows 8.1 , 64 bit Build 9600 (6.3.9600.17415)

CPU:total 4 (initial active 4) (4 cores per cpu, 1 threads per core) family 22 model 0 stepping 1, cmov, cx8, fxsr, mmx, sse, sse2, sse3, ssse3, sse4.1, sse4.2, popcnt, avx, aes, clmul, mmxext, 3dnowpref, lzcnt, sse4a, tsc, tscinvbit, tscinv, bmi1

Memory: 4k page, system-wide physical 5573M (2263M free)
TotalPageFile size 12997M (AvailPageFile size 8775M)
current process WorkingSet (physical memory assigned to process): 647M, peak: 655M
current process commit charge ("private bytes"): 639M, peak: 643M

vm_info: OpenJDK 64-Bit Server VM (11.0.2+9) for windows-amd64 JRE (11.0.2+9), built on Jan 18 2019 05:23:22 by "mach5one" with MS VC++ 15.5 (VS2017)

END.
